<html>
<head>
<title>TestNG:  TestFirefox</title>
<link href="../testng.css" rel="stylesheet" type="text/css" />
<link href="../my-testng.css" rel="stylesheet" type="text/css" />

<style type="text/css">
.log { display: none;} 
.stack-trace { display: none;} 
</style>
<script type="text/javascript">
<!--
function flip(e) {
  current = e.style.display;
  if (current == 'block') {
    e.style.display = 'none';
    return 0;
  }
  else {
    e.style.display = 'block';
    return 1;
  }
}

function toggleBox(szDivId, elem, msg1, msg2)
{
  var res = -1;  if (document.getElementById) {
    res = flip(document.getElementById(szDivId));
  }
  else if (document.all) {
    // this is the way old msie versions work
    res = flip(document.all[szDivId]);
  }
  if(elem) {
    if(res == 0) elem.innerHTML = msg1; else elem.innerHTML = msg2;
  }

}

function toggleAllBoxes() {
  if (document.getElementsByTagName) {
    d = document.getElementsByTagName('div');
    for (i = 0; i < d.length; i++) {
      if (d[i].className == 'log') {
        flip(d[i]);
      }
    }
  }
}

// -->
</script>

</head>
<body>
<h2 align='center'>TestFirefox</h2><table border='1' align="center">
<tr>
<td>Tests passed/Failed/Skipped:</td><td>23/2/0</td>
</tr><tr>
<td>Started on:</td><td>Fri Mar 15 17:32:02 IST 2024</td>
</tr>
<tr><td>Total time:</td><td>271 seconds (271344 ms)</td>
</tr><tr>
<td>Included groups:</td><td></td>
</tr><tr>
<td>Excluded groups:</td><td></td>
</tr>
</table><p/>
<small><i>(Hover the method name to see the test class name)</i></small><p/>
<table width='100%' border='1' class='invocation-failed'>
<tr><td colspan='4' align='center'><b>FAILED TESTS</b></td></tr>
<tr><td><b>Test method</b></td>
<td width="30%"><b>Exception</b></td>
<td width="10%"><b>Time (seconds)</b></td>
<td><b>Instance</b></td>
</tr>
<tr>
<td title='com.softwaretestingboard.magento.Test.SignUpTest.SignUp()'><b>SignUp</b><br>Test class: com.softwaretestingboard.magento.Test.SignUpTest</td>
<td><div><pre>org.openqa.selenium.NoSuchElementException: no such element: Unable to locate element: {&quot;method&quot;:&quot;xpath&quot;,&quot;selector&quot;:&quot;//*[text() = &apos;Thank you for registering with Main Website Store.&apos;]&quot;}
  (Session info: chrome=122.0.6261.128)
For documentation on this error, please visit: https://www.selenium.dev/documentation/webdriver/troubleshooting/errors#no-such-element-exception
Build info: version: &apos;4.17.0&apos;, revision: &apos;e52b1be057*&apos;
System info: os.name: &apos;Windows 11&apos;, os.arch: &apos;amd64&apos;, os.version: &apos;10.0&apos;, java.version: &apos;17.0.8.1&apos;
Driver info: org.openqa.selenium.chrome.ChromeDriver
Command: [d5c6861d3d7586ea77f490e329f34005, findElement {using=xpath, value=//*[text() = &apos;Thank you for registering with Main Website Store.&apos;]}]
Capabilities {acceptInsecureCerts: false, browserName: chrome, browserVersion: 122.0.6261.128, chrome: {chromedriverVersion: 122.0.6261.128 (f18a44fedeb..., userDataDir: C:\Users\prati\AppData\Loca...}, fedcm:accounts: true, goog:chromeOptions: {debuggerAddress: localhost:59972}, networkConnectionEnabled: false, pageLoadStrategy: normal, platformName: windows, proxy: Proxy(), se:cdp: ws://localhost:59972/devtoo..., se:cdpVersion: 122.0.6261.128, setWindowRect: true, strictFileInteractability: false, timeouts: {implicit: 0, pageLoad: 300000, script: 30000}, unhandledPromptBehavior: dismiss and notify, webauthn:extension:credBlob: true, webauthn:extension:largeBlob: true, webauthn:extension:minPinLength: true, webauthn:extension:prf: true, webauthn:virtualAuthenticators: true}
Session ID: d5c6861d3d7586ea77f490e329f34005
	at org.openqa.selenium.remote.codec.w3c.W3CHttpResponseCodec.createException(W3CHttpResponseCodec.java:185)
	at org.openqa.selenium.remote.codec.w3c.W3CHttpResponseCodec.decode(W3CHttpResponseCodec.java:134)
	at org.openqa.selenium.remote.codec.w3c.W3CHttpResponseCodec.decode(W3CHttpResponseCodec.java:51)
	at org.openqa.selenium.remote.HttpCommandExecutor.execute(HttpCommandExecutor.java:190)
	at org.openqa.selenium.remote.service.DriverCommandExecutor.invokeExecute(DriverCommandExecutor.java:216)
	at org.openqa.selenium.remote.service.DriverCommandExecutor.execute(DriverCommandExecutor.java:174)
	at org.openqa.selenium.remote.RemoteWebDriver.execute(RemoteWebDriver.java:519)
	at org.openqa.selenium.remote.ElementLocation$ElementFinder$2.findElement(ElementLocation.java:165)
	at org.openqa.selenium.remote.ElementLocation.findElement(ElementLocation.java:59)
	at org.openqa.selenium.remote.RemoteWebDriver.findElement(RemoteWebDriver.java:356)
	at org.openqa.selenium.remote.RemoteWebDriver.findElement(RemoteWebDriver.java:350)
	at org.openqa.selenium.support.pagefactory.DefaultElementLocator.findElement(DefaultElementLocator.java:68)
	at org.openqa.selenium.support.pagefactory.internal.LocatingElementHandler.invoke(LocatingElementHandler.java:38)
	at jdk.proxy2/jdk.proxy2.$Proxy14.isDisplayed(Unknown Source)
	at com.softwaretestingboard.magento.Pages.SignUpPage.signUp(SignUpPage.java:73)
	at com.softwaretestingboard.magento.Test.SignUpTest.SignUp(SignUpTest.java:18)
	at java.base/java.util.ArrayList.forEach(ArrayList.java:1511)
	at java.base/java.util.concurrent.FutureTask.run(FutureTask.java:264)
	at java.base/java.util.concurrent.ThreadPoolExecutor.runWorker(ThreadPoolExecutor.java:1136)
	at java.base/java.util.concurrent.ThreadPoolExecutor$Worker.run(ThreadPoolExecutor.java:635)
	at java.base/java.lang.Thread.run(Thread.java:833)
... Removed 23 stack frames</pre></div><a href='#' onClick='toggleBox("stack-trace1827387839", this, "Click to show all stack frames", "Click to hide stack frames")'>Click to show all stack frames</a>
<div class='stack-trace' id='stack-trace1827387839'><pre>org.openqa.selenium.NoSuchElementException: no such element: Unable to locate element: {&quot;method&quot;:&quot;xpath&quot;,&quot;selector&quot;:&quot;//*[text() = &apos;Thank you for registering with Main Website Store.&apos;]&quot;}
  (Session info: chrome=122.0.6261.128)
For documentation on this error, please visit: https://www.selenium.dev/documentation/webdriver/troubleshooting/errors#no-such-element-exception
Build info: version: &apos;4.17.0&apos;, revision: &apos;e52b1be057*&apos;
System info: os.name: &apos;Windows 11&apos;, os.arch: &apos;amd64&apos;, os.version: &apos;10.0&apos;, java.version: &apos;17.0.8.1&apos;
Driver info: org.openqa.selenium.chrome.ChromeDriver
Command: [d5c6861d3d7586ea77f490e329f34005, findElement {using=xpath, value=//*[text() = &apos;Thank you for registering with Main Website Store.&apos;]}]
Capabilities {acceptInsecureCerts: false, browserName: chrome, browserVersion: 122.0.6261.128, chrome: {chromedriverVersion: 122.0.6261.128 (f18a44fedeb..., userDataDir: C:\Users\prati\AppData\Loca...}, fedcm:accounts: true, goog:chromeOptions: {debuggerAddress: localhost:59972}, networkConnectionEnabled: false, pageLoadStrategy: normal, platformName: windows, proxy: Proxy(), se:cdp: ws://localhost:59972/devtoo..., se:cdpVersion: 122.0.6261.128, setWindowRect: true, strictFileInteractability: false, timeouts: {implicit: 0, pageLoad: 300000, script: 30000}, unhandledPromptBehavior: dismiss and notify, webauthn:extension:credBlob: true, webauthn:extension:largeBlob: true, webauthn:extension:minPinLength: true, webauthn:extension:prf: true, webauthn:virtualAuthenticators: true}
Session ID: d5c6861d3d7586ea77f490e329f34005
	at java.base/jdk.internal.reflect.NativeConstructorAccessorImpl.newInstance0(Native Method)
	at java.base/jdk.internal.reflect.NativeConstructorAccessorImpl.newInstance(NativeConstructorAccessorImpl.java:77)
	at java.base/jdk.internal.reflect.DelegatingConstructorAccessorImpl.newInstance(DelegatingConstructorAccessorImpl.java:45)
	at java.base/java.lang.reflect.Constructor.newInstanceWithCaller(Constructor.java:499)
	at java.base/java.lang.reflect.Constructor.newInstance(Constructor.java:480)
	at org.openqa.selenium.remote.codec.w3c.W3CHttpResponseCodec.createException(W3CHttpResponseCodec.java:185)
	at org.openqa.selenium.remote.codec.w3c.W3CHttpResponseCodec.decode(W3CHttpResponseCodec.java:134)
	at org.openqa.selenium.remote.codec.w3c.W3CHttpResponseCodec.decode(W3CHttpResponseCodec.java:51)
	at org.openqa.selenium.remote.HttpCommandExecutor.execute(HttpCommandExecutor.java:190)
	at org.openqa.selenium.remote.service.DriverCommandExecutor.invokeExecute(DriverCommandExecutor.java:216)
	at org.openqa.selenium.remote.service.DriverCommandExecutor.execute(DriverCommandExecutor.java:174)
	at org.openqa.selenium.remote.RemoteWebDriver.execute(RemoteWebDriver.java:519)
	at org.openqa.selenium.remote.ElementLocation$ElementFinder$2.findElement(ElementLocation.java:165)
	at org.openqa.selenium.remote.ElementLocation.findElement(ElementLocation.java:59)
	at org.openqa.selenium.remote.RemoteWebDriver.findElement(RemoteWebDriver.java:356)
	at org.openqa.selenium.remote.RemoteWebDriver.findElement(RemoteWebDriver.java:350)
	at org.openqa.selenium.support.pagefactory.DefaultElementLocator.findElement(DefaultElementLocator.java:68)
	at org.openqa.selenium.support.pagefactory.internal.LocatingElementHandler.invoke(LocatingElementHandler.java:38)
	at jdk.proxy2/jdk.proxy2.$Proxy14.isDisplayed(Unknown Source)
	at com.softwaretestingboard.magento.Pages.SignUpPage.signUp(SignUpPage.java:73)
	at com.softwaretestingboard.magento.Test.SignUpTest.SignUp(SignUpTest.java:18)
	at java.base/jdk.internal.reflect.NativeMethodAccessorImpl.invoke0(Native Method)
	at java.base/jdk.internal.reflect.NativeMethodAccessorImpl.invoke(NativeMethodAccessorImpl.java:77)
	at java.base/jdk.internal.reflect.DelegatingMethodAccessorImpl.invoke(DelegatingMethodAccessorImpl.java:43)
	at java.base/java.lang.reflect.Method.invoke(Method.java:568)
	at org.testng.internal.MethodInvocationHelper.invokeMethod(MethodInvocationHelper.java:133)
	at org.testng.internal.TestInvoker.invokeMethod(TestInvoker.java:598)
	at org.testng.internal.TestInvoker.invokeTestMethod(TestInvoker.java:173)
	at org.testng.internal.MethodRunner.runInSequence(MethodRunner.java:46)
	at org.testng.internal.TestInvoker$MethodInvocationAgent.invoke(TestInvoker.java:824)
	at org.testng.internal.TestInvoker.invokeTestMethods(TestInvoker.java:146)
	at org.testng.internal.TestMethodWorker.invokeTestMethods(TestMethodWorker.java:146)
	at org.testng.internal.TestMethodWorker.run(TestMethodWorker.java:128)
	at java.base/java.util.ArrayList.forEach(ArrayList.java:1511)
	at org.testng.TestRunner.privateRun(TestRunner.java:794)
	at org.testng.TestRunner.run(TestRunner.java:596)
	at org.testng.SuiteRunner.runTest(SuiteRunner.java:377)
	at org.testng.SuiteRunner.access$000(SuiteRunner.java:28)
	at org.testng.SuiteRunner$SuiteWorker.run(SuiteRunner.java:418)
	at org.testng.internal.thread.ThreadUtil.lambda$execute$0(ThreadUtil.java:64)
	at java.base/java.util.concurrent.FutureTask.run(FutureTask.java:264)
	at java.base/java.util.concurrent.ThreadPoolExecutor.runWorker(ThreadPoolExecutor.java:1136)
	at java.base/java.util.concurrent.ThreadPoolExecutor$Worker.run(ThreadPoolExecutor.java:635)
	at java.base/java.lang.Thread.run(Thread.java:833)
</pre></div></td>
<td>23</td>
<td>com.softwaretestingboard.magento.Test.SignUpTest@54e041a4</td></tr>
<tr>
<td title='com.softwaretestingboard.magento.Test.CartTest.VerifyEditBtnInCart()'><b>VerifyEditBtnInCart</b><br>Test class: com.softwaretestingboard.magento.Test.CartTest</td>
<td><div><pre>org.openqa.selenium.NoSuchElementException: no such element: Unable to locate element: {&quot;method&quot;:&quot;xpath&quot;,&quot;selector&quot;:&quot;//table[@id=&quot;shopping-cart-table&quot;]/tbody[1]/tr/td[3]/div/div/label/input&quot;}
  (Session info: chrome=122.0.6261.128)
For documentation on this error, please visit: https://www.selenium.dev/documentation/webdriver/troubleshooting/errors#no-such-element-exception
Build info: version: &apos;4.17.0&apos;, revision: &apos;e52b1be057*&apos;
System info: os.name: &apos;Windows 11&apos;, os.arch: &apos;amd64&apos;, os.version: &apos;10.0&apos;, java.version: &apos;17.0.8.1&apos;
Driver info: org.openqa.selenium.chrome.ChromeDriver
Command: [0f34a75df4aa18902c0df44bb2e7c393, findElement {using=xpath, value=//table[@id=&quot;shopping-cart-table&quot;]/tbody[1]/tr/td[3]/div/div/label/input}]
Capabilities {acceptInsecureCerts: false, browserName: chrome, browserVersion: 122.0.6261.128, chrome: {chromedriverVersion: 122.0.6261.128 (f18a44fedeb..., userDataDir: C:\Users\prati\AppData\Loca...}, fedcm:accounts: true, goog:chromeOptions: {debuggerAddress: localhost:58521}, networkConnectionEnabled: false, pageLoadStrategy: normal, platformName: windows, proxy: Proxy(), se:cdp: ws://localhost:58521/devtoo..., se:cdpVersion: 122.0.6261.128, setWindowRect: true, strictFileInteractability: false, timeouts: {implicit: 0, pageLoad: 300000, script: 30000}, unhandledPromptBehavior: dismiss and notify, webauthn:extension:credBlob: true, webauthn:extension:largeBlob: true, webauthn:extension:minPinLength: true, webauthn:extension:prf: true, webauthn:virtualAuthenticators: true}
Session ID: 0f34a75df4aa18902c0df44bb2e7c393
	at org.openqa.selenium.remote.codec.w3c.W3CHttpResponseCodec.createException(W3CHttpResponseCodec.java:185)
	at org.openqa.selenium.remote.codec.w3c.W3CHttpResponseCodec.decode(W3CHttpResponseCodec.java:134)
	at org.openqa.selenium.remote.codec.w3c.W3CHttpResponseCodec.decode(W3CHttpResponseCodec.java:51)
	at org.openqa.selenium.remote.HttpCommandExecutor.execute(HttpCommandExecutor.java:190)
	at org.openqa.selenium.remote.service.DriverCommandExecutor.invokeExecute(DriverCommandExecutor.java:216)
	at org.openqa.selenium.remote.service.DriverCommandExecutor.execute(DriverCommandExecutor.java:174)
	at org.openqa.selenium.remote.RemoteWebDriver.execute(RemoteWebDriver.java:519)
	at org.openqa.selenium.remote.ElementLocation$ElementFinder$2.findElement(ElementLocation.java:165)
	at org.openqa.selenium.remote.ElementLocation.findElement(ElementLocation.java:59)
	at org.openqa.selenium.remote.RemoteWebDriver.findElement(RemoteWebDriver.java:356)
	at org.openqa.selenium.remote.RemoteWebDriver.findElement(RemoteWebDriver.java:350)
	at org.openqa.selenium.support.pagefactory.DefaultElementLocator.findElement(DefaultElementLocator.java:68)
	at org.openqa.selenium.support.pagefactory.internal.LocatingElementHandler.invoke(LocatingElementHandler.java:38)
	at jdk.proxy2/jdk.proxy2.$Proxy14.getAttribute(Unknown Source)
	at com.softwaretestingboard.magento.Pages.CartPage.EditAddedProductinCart(CartPage.java:67)
	at com.softwaretestingboard.magento.Test.CartTest.VerifyEditBtnInCart(CartTest.java:17)
	at java.base/java.util.ArrayList.forEach(ArrayList.java:1511)
	at java.base/java.util.concurrent.FutureTask.run(FutureTask.java:264)
	at java.base/java.util.concurrent.ThreadPoolExecutor.runWorker(ThreadPoolExecutor.java:1136)
	at java.base/java.util.concurrent.ThreadPoolExecutor$Worker.run(ThreadPoolExecutor.java:635)
	at java.base/java.lang.Thread.run(Thread.java:833)
... Removed 23 stack frames</pre></div><a href='#' onClick='toggleBox("stack-trace709798406", this, "Click to show all stack frames", "Click to hide stack frames")'>Click to show all stack frames</a>
<div class='stack-trace' id='stack-trace709798406'><pre>org.openqa.selenium.NoSuchElementException: no such element: Unable to locate element: {&quot;method&quot;:&quot;xpath&quot;,&quot;selector&quot;:&quot;//table[@id=&quot;shopping-cart-table&quot;]/tbody[1]/tr/td[3]/div/div/label/input&quot;}
  (Session info: chrome=122.0.6261.128)
For documentation on this error, please visit: https://www.selenium.dev/documentation/webdriver/troubleshooting/errors#no-such-element-exception
Build info: version: &apos;4.17.0&apos;, revision: &apos;e52b1be057*&apos;
System info: os.name: &apos;Windows 11&apos;, os.arch: &apos;amd64&apos;, os.version: &apos;10.0&apos;, java.version: &apos;17.0.8.1&apos;
Driver info: org.openqa.selenium.chrome.ChromeDriver
Command: [0f34a75df4aa18902c0df44bb2e7c393, findElement {using=xpath, value=//table[@id=&quot;shopping-cart-table&quot;]/tbody[1]/tr/td[3]/div/div/label/input}]
Capabilities {acceptInsecureCerts: false, browserName: chrome, browserVersion: 122.0.6261.128, chrome: {chromedriverVersion: 122.0.6261.128 (f18a44fedeb..., userDataDir: C:\Users\prati\AppData\Loca...}, fedcm:accounts: true, goog:chromeOptions: {debuggerAddress: localhost:58521}, networkConnectionEnabled: false, pageLoadStrategy: normal, platformName: windows, proxy: Proxy(), se:cdp: ws://localhost:58521/devtoo..., se:cdpVersion: 122.0.6261.128, setWindowRect: true, strictFileInteractability: false, timeouts: {implicit: 0, pageLoad: 300000, script: 30000}, unhandledPromptBehavior: dismiss and notify, webauthn:extension:credBlob: true, webauthn:extension:largeBlob: true, webauthn:extension:minPinLength: true, webauthn:extension:prf: true, webauthn:virtualAuthenticators: true}
Session ID: 0f34a75df4aa18902c0df44bb2e7c393
	at java.base/jdk.internal.reflect.NativeConstructorAccessorImpl.newInstance0(Native Method)
	at java.base/jdk.internal.reflect.NativeConstructorAccessorImpl.newInstance(NativeConstructorAccessorImpl.java:77)
	at java.base/jdk.internal.reflect.DelegatingConstructorAccessorImpl.newInstance(DelegatingConstructorAccessorImpl.java:45)
	at java.base/java.lang.reflect.Constructor.newInstanceWithCaller(Constructor.java:499)
	at java.base/java.lang.reflect.Constructor.newInstance(Constructor.java:480)
	at org.openqa.selenium.remote.codec.w3c.W3CHttpResponseCodec.createException(W3CHttpResponseCodec.java:185)
	at org.openqa.selenium.remote.codec.w3c.W3CHttpResponseCodec.decode(W3CHttpResponseCodec.java:134)
	at org.openqa.selenium.remote.codec.w3c.W3CHttpResponseCodec.decode(W3CHttpResponseCodec.java:51)
	at org.openqa.selenium.remote.HttpCommandExecutor.execute(HttpCommandExecutor.java:190)
	at org.openqa.selenium.remote.service.DriverCommandExecutor.invokeExecute(DriverCommandExecutor.java:216)
	at org.openqa.selenium.remote.service.DriverCommandExecutor.execute(DriverCommandExecutor.java:174)
	at org.openqa.selenium.remote.RemoteWebDriver.execute(RemoteWebDriver.java:519)
	at org.openqa.selenium.remote.ElementLocation$ElementFinder$2.findElement(ElementLocation.java:165)
	at org.openqa.selenium.remote.ElementLocation.findElement(ElementLocation.java:59)
	at org.openqa.selenium.remote.RemoteWebDriver.findElement(RemoteWebDriver.java:356)
	at org.openqa.selenium.remote.RemoteWebDriver.findElement(RemoteWebDriver.java:350)
	at org.openqa.selenium.support.pagefactory.DefaultElementLocator.findElement(DefaultElementLocator.java:68)
	at org.openqa.selenium.support.pagefactory.internal.LocatingElementHandler.invoke(LocatingElementHandler.java:38)
	at jdk.proxy2/jdk.proxy2.$Proxy14.getAttribute(Unknown Source)
	at com.softwaretestingboard.magento.Pages.CartPage.EditAddedProductinCart(CartPage.java:67)
	at com.softwaretestingboard.magento.Test.CartTest.VerifyEditBtnInCart(CartTest.java:17)
	at java.base/jdk.internal.reflect.NativeMethodAccessorImpl.invoke0(Native Method)
	at java.base/jdk.internal.reflect.NativeMethodAccessorImpl.invoke(NativeMethodAccessorImpl.java:77)
	at java.base/jdk.internal.reflect.DelegatingMethodAccessorImpl.invoke(DelegatingMethodAccessorImpl.java:43)
	at java.base/java.lang.reflect.Method.invoke(Method.java:568)
	at org.testng.internal.MethodInvocationHelper.invokeMethod(MethodInvocationHelper.java:133)
	at org.testng.internal.TestInvoker.invokeMethod(TestInvoker.java:598)
	at org.testng.internal.TestInvoker.invokeTestMethod(TestInvoker.java:173)
	at org.testng.internal.MethodRunner.runInSequence(MethodRunner.java:46)
	at org.testng.internal.TestInvoker$MethodInvocationAgent.invoke(TestInvoker.java:824)
	at org.testng.internal.TestInvoker.invokeTestMethods(TestInvoker.java:146)
	at org.testng.internal.TestMethodWorker.invokeTestMethods(TestMethodWorker.java:146)
	at org.testng.internal.TestMethodWorker.run(TestMethodWorker.java:128)
	at java.base/java.util.ArrayList.forEach(ArrayList.java:1511)
	at org.testng.TestRunner.privateRun(TestRunner.java:794)
	at org.testng.TestRunner.run(TestRunner.java:596)
	at org.testng.SuiteRunner.runTest(SuiteRunner.java:377)
	at org.testng.SuiteRunner.access$000(SuiteRunner.java:28)
	at org.testng.SuiteRunner$SuiteWorker.run(SuiteRunner.java:418)
	at org.testng.internal.thread.ThreadUtil.lambda$execute$0(ThreadUtil.java:64)
	at java.base/java.util.concurrent.FutureTask.run(FutureTask.java:264)
	at java.base/java.util.concurrent.ThreadPoolExecutor.runWorker(ThreadPoolExecutor.java:1136)
	at java.base/java.util.concurrent.ThreadPoolExecutor$Worker.run(ThreadPoolExecutor.java:635)
	at java.base/java.lang.Thread.run(Thread.java:833)
</pre></div></td>
<td>31</td>
<td>com.softwaretestingboard.magento.Test.CartTest@415b0b49</td></tr>
</table><p>
<table width='100%' border='1' class='invocation-passed'>
<tr><td colspan='4' align='center'><b>PASSED TESTS</b></td></tr>
<tr><td><b>Test method</b></td>
<td width="30%"><b>Exception</b></td>
<td width="10%"><b>Time (seconds)</b></td>
<td><b>Instance</b></td>
</tr>
<tr>
<td title='com.softwaretestingboard.magento.Test.ProductDetailsTest.VerifyAddreviewtoProduct()'><b>VerifyAddreviewtoProduct</b><br>Test class: com.softwaretestingboard.magento.Test.ProductDetailsTest</td>
<td></td>
<td>6</td>
<td>com.softwaretestingboard.magento.Test.ProductDetailsTest@22f59fa</td></tr>
<tr>
<td title='com.softwaretestingboard.magento.Test.LogOutTest.LogOut()'><b>LogOut</b><br>Test class: com.softwaretestingboard.magento.Test.LogOutTest</td>
<td></td>
<td>6</td>
<td>com.softwaretestingboard.magento.Test.LogOutTest@7fd7a283</td></tr>
<tr>
<td title='com.softwaretestingboard.magento.Test.HomePageTest.VerifyBlankSearch()'><b>VerifyBlankSearch</b><br>Test class: com.softwaretestingboard.magento.Test.HomePageTest</td>
<td></td>
<td>0</td>
<td>com.softwaretestingboard.magento.Test.HomePageTest@a8ef162</td></tr>
<tr>
<td title='com.softwaretestingboard.magento.Test.CartTest.VerifyRemoveProdFromCart()'><b>VerifyRemoveProdFromCart</b><br>Test class: com.softwaretestingboard.magento.Test.CartTest</td>
<td></td>
<td>9</td>
<td>com.softwaretestingboard.magento.Test.CartTest@415b0b49</td></tr>
<tr>
<td title='com.softwaretestingboard.magento.Test.SignInTest.SignInWithInvalidCred()'><b>SignInWithInvalidCred</b><br>Test class: com.softwaretestingboard.magento.Test.SignInTest</td>
<td></td>
<td>3</td>
<td>com.softwaretestingboard.magento.Test.SignInTest@16612a51</td></tr>
<tr>
<td title='com.softwaretestingboard.magento.Test.ProductDetailsTest.VerifyAddtoCartProdWithoutSelectingSize()'><b>VerifyAddtoCartProdWithoutSelectingSize</b><br>Test class: com.softwaretestingboard.magento.Test.ProductDetailsTest</td>
<td></td>
<td>4</td>
<td>com.softwaretestingboard.magento.Test.ProductDetailsTest@22f59fa</td></tr>
<tr>
<td title='com.softwaretestingboard.magento.Test.ProductDetailsTest.VerifyAddToWishlistWithoutLogin()'><b>VerifyAddToWishlistWithoutLogin</b><br>Test class: com.softwaretestingboard.magento.Test.ProductDetailsTest</td>
<td></td>
<td>5</td>
<td>com.softwaretestingboard.magento.Test.ProductDetailsTest@22f59fa</td></tr>
<tr>
<td title='com.softwaretestingboard.magento.Test.ProductDetailsTest.VerifyProductDetails()'><b>VerifyProductDetails</b><br>Test class: com.softwaretestingboard.magento.Test.ProductDetailsTest</td>
<td></td>
<td>3</td>
<td>com.softwaretestingboard.magento.Test.ProductDetailsTest@22f59fa</td></tr>
<tr>
<td title='com.softwaretestingboard.magento.Test.CheckOutTest.VerifyLoginWhileCheckOutPeod()'><b>VerifyLoginWhileCheckOutPeod</b><br>Test class: com.softwaretestingboard.magento.Test.CheckOutTest</td>
<td></td>
<td>20</td>
<td>com.softwaretestingboard.magento.Test.CheckOutTest@41488b16</td></tr>
<tr>
<td title='com.softwaretestingboard.magento.Test.HomePageTest.VerifyRelatedSearchItems()'><b>VerifyRelatedSearchItems</b><br>Test class: com.softwaretestingboard.magento.Test.HomePageTest</td>
<td></td>
<td>0</td>
<td>com.softwaretestingboard.magento.Test.HomePageTest@a8ef162</td></tr>
<tr>
<td title='com.softwaretestingboard.magento.Test.Products.AddMultipleProdTOCart()'><b>AddMultipleProdTOCart</b><br>Test class: com.softwaretestingboard.magento.Test.Products</td>
<td></td>
<td>9</td>
<td>com.softwaretestingboard.magento.Test.Products@78fa769e</td></tr>
<tr>
<td title='com.softwaretestingboard.magento.Test.SignInTest.CreateNewAccOnSignInPage()'><b>CreateNewAccOnSignInPage</b><br>Test class: com.softwaretestingboard.magento.Test.SignInTest</td>
<td></td>
<td>2</td>
<td>com.softwaretestingboard.magento.Test.SignInTest@16612a51</td></tr>
<tr>
<td title='com.softwaretestingboard.magento.Test.SignInTest.ForgotpassBtn()'><b>ForgotpassBtn</b><br>Test class: com.softwaretestingboard.magento.Test.SignInTest</td>
<td></td>
<td>1</td>
<td>com.softwaretestingboard.magento.Test.SignInTest@16612a51</td></tr>
<tr>
<td title='com.softwaretestingboard.magento.Test.HomePageTest.VerifyHotSeller()'><b>VerifyHotSeller</b><br>Test class: com.softwaretestingboard.magento.Test.HomePageTest</td>
<td></td>
<td>0</td>
<td>com.softwaretestingboard.magento.Test.HomePageTest@a8ef162</td></tr>
<tr>
<td title='com.softwaretestingboard.magento.Test.ProductDetailsTest.AddToCartProdFromProdDetailsPage()'><b>AddToCartProdFromProdDetailsPage</b><br>Test class: com.softwaretestingboard.magento.Test.ProductDetailsTest</td>
<td></td>
<td>7</td>
<td>com.softwaretestingboard.magento.Test.ProductDetailsTest@22f59fa</td></tr>
<tr>
<td title='com.softwaretestingboard.magento.Test.Products.VerifyShowPerPage()'><b>VerifyShowPerPage</b><br>Test class: com.softwaretestingboard.magento.Test.Products</td>
<td></td>
<td>4</td>
<td>com.softwaretestingboard.magento.Test.Products@78fa769e</td></tr>
<tr>
<td title='com.softwaretestingboard.magento.Test.Products.AddProductToCartFromWomenDD()'><b>AddProductToCartFromWomenDD</b><br>Test class: com.softwaretestingboard.magento.Test.Products</td>
<td></td>
<td>7</td>
<td>com.softwaretestingboard.magento.Test.Products@78fa769e</td></tr>
<tr>
<td title='com.softwaretestingboard.magento.Test.SignInTest.SignInValidCred()'><b>SignInValidCred</b><br>Test class: com.softwaretestingboard.magento.Test.SignInTest</td>
<td></td>
<td>4</td>
<td>com.softwaretestingboard.magento.Test.SignInTest@16612a51</td></tr>
<tr>
<td title='com.softwaretestingboard.magento.Test.ProductDetailsTest.VerifyRemoveProdFromWishList()'><b>VerifyRemoveProdFromWishList</b><br>Test class: com.softwaretestingboard.magento.Test.ProductDetailsTest</td>
<td></td>
<td>14</td>
<td>com.softwaretestingboard.magento.Test.ProductDetailsTest@22f59fa</td></tr>
<tr>
<td title='com.softwaretestingboard.magento.Test.Products.VerifyPriceOption()'><b>VerifyPriceOption</b><br>Test class: com.softwaretestingboard.magento.Test.Products</td>
<td></td>
<td>3</td>
<td>com.softwaretestingboard.magento.Test.Products@78fa769e</td></tr>
<tr>
<td title='com.softwaretestingboard.magento.Test.SignUpTest.signUpWithRegEmail()'><b>signUpWithRegEmail</b><br>Test class: com.softwaretestingboard.magento.Test.SignUpTest</td>
<td></td>
<td>3</td>
<td>com.softwaretestingboard.magento.Test.SignUpTest@54e041a4</td></tr>
<tr>
<td title='com.softwaretestingboard.magento.Test.HomePageTest.VerifySearchProduct()'><b>VerifySearchProduct</b><br>Test class: com.softwaretestingboard.magento.Test.HomePageTest</td>
<td></td>
<td>1</td>
<td>com.softwaretestingboard.magento.Test.HomePageTest@a8ef162</td></tr>
<tr>
<td title='com.softwaretestingboard.magento.Test.ProductDetailsTest.VerifyAddToWishlistWithLogin()'><b>VerifyAddToWishlistWithLogin</b><br>Test class: com.softwaretestingboard.magento.Test.ProductDetailsTest</td>
<td></td>
<td>9</td>
<td>com.softwaretestingboard.magento.Test.ProductDetailsTest@22f59fa</td></tr>
</table><p>
</body>
</html>