<?xml version="1.0" encoding="UTF-8"?>
<!-- Generated by org.testng.reporters.JUnitXMLReporter -->
<testsuite ignored="0" hostname="LAPTOP-H7LSMR7L" failures="2" tests="25" name="TestFirefox" time="271.344" errors="0" timestamp="2024-03-15T17:36:33 IST">
  <testcase classname="com.softwaretestingboard.magento.Test.CartTest" name="VerifyEditBtnInCart" time="31.416">
    <failure type="org.openqa.selenium.NoSuchElementException" message="no such element: Unable to locate element: {&amp;quot;method&amp;quot;:&amp;quot;xpath&amp;quot;,&amp;quot;selector&amp;quot;:&amp;quot;//table[@id=&amp;quot;shopping-cart-table&amp;quot;]/tbody[1]/tr/td[3]/div/div/label/input&amp;quot;}
  (Session info: chrome=122.0.6261.128)
For documentation on this error, please visit: https://www.selenium.dev/documentation/webdriver/troubleshooting/errors#no-such-element-exception
Build info: version: &amp;apos;4.17.0&amp;apos;, revision: &amp;apos;e52b1be057*&amp;apos;
System info: os.name: &amp;apos;Windows 11&amp;apos;, os.arch: &amp;apos;amd64&amp;apos;, os.version: &amp;apos;10.0&amp;apos;, java.version: &amp;apos;17.0.8.1&amp;apos;
Driver info: org.openqa.selenium.chrome.ChromeDriver
Command: [0f34a75df4aa18902c0df44bb2e7c393, findElement {using=xpath, value=//table[@id=&amp;quot;shopping-cart-table&amp;quot;]/tbody[1]/tr/td[3]/div/div/label/input}]
Capabilities {acceptInsecureCerts: false, browserName: chrome, browserVersion: 122.0.6261.128, chrome: {chromedriverVersion: 122.0.6261.128 (f18a44fedeb..., userDataDir: C:\Users\prati\AppData\Loca...}, fedcm:accounts: true, goog:chromeOptions: {debuggerAddress: localhost:58521}, networkConnectionEnabled: false, pageLoadStrategy: normal, platformName: windows, proxy: Proxy(), se:cdp: ws://localhost:58521/devtoo..., se:cdpVersion: 122.0.6261.128, setWindowRect: true, strictFileInteractability: false, timeouts: {implicit: 0, pageLoad: 300000, script: 30000}, unhandledPromptBehavior: dismiss and notify, webauthn:extension:credBlob: true, webauthn:extension:largeBlob: true, webauthn:extension:minPinLength: true, webauthn:extension:prf: true, webauthn:virtualAuthenticators: true}
Session ID: 0f34a75df4aa18902c0df44bb2e7c393">
      <![CDATA[org.openqa.selenium.NoSuchElementException: no such element: Unable to locate element: {"method":"xpath","selector":"//table[@id="shopping-cart-table"]/tbody[1]/tr/td[3]/div/div/label/input"}
  (Session info: chrome=122.0.6261.128)
For documentation on this error, please visit: https://www.selenium.dev/documentation/webdriver/troubleshooting/errors#no-such-element-exception
Build info: version: '4.17.0', revision: 'e52b1be057*'
System info: os.name: 'Windows 11', os.arch: 'amd64', os.version: '10.0', java.version: '17.0.8.1'
Driver info: org.openqa.selenium.chrome.ChromeDriver
Command: [0f34a75df4aa18902c0df44bb2e7c393, findElement {using=xpath, value=//table[@id="shopping-cart-table"]/tbody[1]/tr/td[3]/div/div/label/input}]
Capabilities {acceptInsecureCerts: false, browserName: chrome, browserVersion: 122.0.6261.128, chrome: {chromedriverVersion: 122.0.6261.128 (f18a44fedeb..., userDataDir: C:\Users\prati\AppData\Loca...}, fedcm:accounts: true, goog:chromeOptions: {debuggerAddress: localhost:58521}, networkConnectionEnabled: false, pageLoadStrategy: normal, platformName: windows, proxy: Proxy(), se:cdp: ws://localhost:58521/devtoo..., se:cdpVersion: 122.0.6261.128, setWindowRect: true, strictFileInteractability: false, timeouts: {implicit: 0, pageLoad: 300000, script: 30000}, unhandledPromptBehavior: dismiss and notify, webauthn:extension:credBlob: true, webauthn:extension:largeBlob: true, webauthn:extension:minPinLength: true, webauthn:extension:prf: true, webauthn:virtualAuthenticators: true}
Session ID: 0f34a75df4aa18902c0df44bb2e7c393
at org.openqa.selenium.remote.codec.w3c.W3CHttpResponseCodec.createException(W3CHttpResponseCodec.java:185)
at org.openqa.selenium.remote.codec.w3c.W3CHttpResponseCodec.decode(W3CHttpResponseCodec.java:134)
at org.openqa.selenium.remote.codec.w3c.W3CHttpResponseCodec.decode(W3CHttpResponseCodec.java:51)
at org.openqa.selenium.remote.HttpCommandExecutor.execute(HttpCommandExecutor.java:190)
at org.openqa.selenium.remote.service.DriverCommandExecutor.invokeExecute(DriverCommandExecutor.java:216)
at org.openqa.selenium.remote.service.DriverCommandExecutor.execute(DriverCommandExecutor.java:174)
at org.openqa.selenium.remote.RemoteWebDriver.execute(RemoteWebDriver.java:519)
at org.openqa.selenium.remote.ElementLocation$ElementFinder$2.findElement(ElementLocation.java:165)
at org.openqa.selenium.remote.ElementLocation.findElement(ElementLocation.java:59)
at org.openqa.selenium.remote.RemoteWebDriver.findElement(RemoteWebDriver.java:356)
at org.openqa.selenium.remote.RemoteWebDriver.findElement(RemoteWebDriver.java:350)
at org.openqa.selenium.support.pagefactory.DefaultElementLocator.findElement(DefaultElementLocator.java:68)
at org.openqa.selenium.support.pagefactory.internal.LocatingElementHandler.invoke(LocatingElementHandler.java:38)
at jdk.proxy2/jdk.proxy2.$Proxy14.getAttribute(Unknown Source)
at com.softwaretestingboard.magento.Pages.CartPage.EditAddedProductinCart(CartPage.java:67)
at com.softwaretestingboard.magento.Test.CartTest.VerifyEditBtnInCart(CartTest.java:17)
at java.base/java.util.ArrayList.forEach(ArrayList.java:1511)
at java.base/java.util.concurrent.FutureTask.run(FutureTask.java:264)
at java.base/java.util.concurrent.ThreadPoolExecutor.runWorker(ThreadPoolExecutor.java:1136)
at java.base/java.util.concurrent.ThreadPoolExecutor$Worker.run(ThreadPoolExecutor.java:635)
at java.base/java.lang.Thread.run(Thread.java:833)
... Removed 23 stack frames]]>
    </failure>
  </testcase> <!-- VerifyEditBtnInCart -->
  <testcase classname="com.softwaretestingboard.magento.Test.CartTest" name="VerifyRemoveProdFromCart" time="9.052"/>
  <testcase classname="com.softwaretestingboard.magento.Test.CheckOutTest" name="VerifyLoginWhileCheckOutPeod" time="20.812"/>
  <testcase classname="com.softwaretestingboard.magento.Test.HomePageTest" name="VerifyBlankSearch" time="0.151"/>
  <testcase classname="com.softwaretestingboard.magento.Test.HomePageTest" name="VerifyHotSeller" time="0.042"/>
  <testcase classname="com.softwaretestingboard.magento.Test.HomePageTest" name="VerifyRelatedSearchItems" time="0.889"/>
  <testcase classname="com.softwaretestingboard.magento.Test.HomePageTest" name="VerifySearchProduct" time="1.99"/>
  <testcase classname="com.softwaretestingboard.magento.Test.LogOutTest" name="LogOut" time="6.293"/>
  <testcase classname="com.softwaretestingboard.magento.Test.ProductDetailsTest" name="AddToCartProdFromProdDetailsPage" time="7.498"/>
  <testcase classname="com.softwaretestingboard.magento.Test.ProductDetailsTest" name="VerifyAddToWishlistWithLogin" time="9.721"/>
  <testcase classname="com.softwaretestingboard.magento.Test.ProductDetailsTest" name="VerifyAddToWishlistWithoutLogin" time="5.285"/>
  <testcase classname="com.softwaretestingboard.magento.Test.ProductDetailsTest" name="VerifyAddreviewtoProduct" time="6.522"/>
  <testcase classname="com.softwaretestingboard.magento.Test.ProductDetailsTest" name="VerifyAddtoCartProdWithoutSelectingSize" time="4.383"/>
  <testcase classname="com.softwaretestingboard.magento.Test.ProductDetailsTest" name="VerifyProductDetails" time="3.603"/>
  <testcase classname="com.softwaretestingboard.magento.Test.ProductDetailsTest" name="VerifyRemoveProdFromWishList" time="14.802"/>
  <testcase classname="com.softwaretestingboard.magento.Test.Products" name="AddMultipleProdTOCart" time="9.932"/>
  <testcase classname="com.softwaretestingboard.magento.Test.Products" name="AddProductToCartFromWomenDD" time="7.028"/>
  <testcase classname="com.softwaretestingboard.magento.Test.Products" name="VerifyPriceOption" time="3.611"/>
  <testcase classname="com.softwaretestingboard.magento.Test.Products" name="VerifyShowPerPage" time="4.894"/>
  <testcase classname="com.softwaretestingboard.magento.Test.SignInTest" name="CreateNewAccOnSignInPage" time="2.622"/>
  <testcase classname="com.softwaretestingboard.magento.Test.SignInTest" name="ForgotpassBtn" time="1.845"/>
  <testcase classname="com.softwaretestingboard.magento.Test.SignInTest" name="SignInValidCred" time="4.394"/>
  <testcase classname="com.softwaretestingboard.magento.Test.SignInTest" name="SignInWithInvalidCred" time="3.506"/>
  <testcase classname="com.softwaretestingboard.magento.Test.SignUpTest" name="SignUp" time="23.63">
    <failure type="org.openqa.selenium.NoSuchElementException" message="no such element: Unable to locate element: {&amp;quot;method&amp;quot;:&amp;quot;xpath&amp;quot;,&amp;quot;selector&amp;quot;:&amp;quot;//*[text() = &amp;apos;Thank you for registering with Main Website Store.&amp;apos;]&amp;quot;}
  (Session info: chrome=122.0.6261.128)
For documentation on this error, please visit: https://www.selenium.dev/documentation/webdriver/troubleshooting/errors#no-such-element-exception
Build info: version: &amp;apos;4.17.0&amp;apos;, revision: &amp;apos;e52b1be057*&amp;apos;
System info: os.name: &amp;apos;Windows 11&amp;apos;, os.arch: &amp;apos;amd64&amp;apos;, os.version: &amp;apos;10.0&amp;apos;, java.version: &amp;apos;17.0.8.1&amp;apos;
Driver info: org.openqa.selenium.chrome.ChromeDriver
Command: [d5c6861d3d7586ea77f490e329f34005, findElement {using=xpath, value=//*[text() = &amp;apos;Thank you for registering with Main Website Store.&amp;apos;]}]
Capabilities {acceptInsecureCerts: false, browserName: chrome, browserVersion: 122.0.6261.128, chrome: {chromedriverVersion: 122.0.6261.128 (f18a44fedeb..., userDataDir: C:\Users\prati\AppData\Loca...}, fedcm:accounts: true, goog:chromeOptions: {debuggerAddress: localhost:59972}, networkConnectionEnabled: false, pageLoadStrategy: normal, platformName: windows, proxy: Proxy(), se:cdp: ws://localhost:59972/devtoo..., se:cdpVersion: 122.0.6261.128, setWindowRect: true, strictFileInteractability: false, timeouts: {implicit: 0, pageLoad: 300000, script: 30000}, unhandledPromptBehavior: dismiss and notify, webauthn:extension:credBlob: true, webauthn:extension:largeBlob: true, webauthn:extension:minPinLength: true, webauthn:extension:prf: true, webauthn:virtualAuthenticators: true}
Session ID: d5c6861d3d7586ea77f490e329f34005">
      <![CDATA[org.openqa.selenium.NoSuchElementException: no such element: Unable to locate element: {"method":"xpath","selector":"//*[text() = 'Thank you for registering with Main Website Store.']"}
  (Session info: chrome=122.0.6261.128)
For documentation on this error, please visit: https://www.selenium.dev/documentation/webdriver/troubleshooting/errors#no-such-element-exception
Build info: version: '4.17.0', revision: 'e52b1be057*'
System info: os.name: 'Windows 11', os.arch: 'amd64', os.version: '10.0', java.version: '17.0.8.1'
Driver info: org.openqa.selenium.chrome.ChromeDriver
Command: [d5c6861d3d7586ea77f490e329f34005, findElement {using=xpath, value=//*[text() = 'Thank you for registering with Main Website Store.']}]
Capabilities {acceptInsecureCerts: false, browserName: chrome, browserVersion: 122.0.6261.128, chrome: {chromedriverVersion: 122.0.6261.128 (f18a44fedeb..., userDataDir: C:\Users\prati\AppData\Loca...}, fedcm:accounts: true, goog:chromeOptions: {debuggerAddress: localhost:59972}, networkConnectionEnabled: false, pageLoadStrategy: normal, platformName: windows, proxy: Proxy(), se:cdp: ws://localhost:59972/devtoo..., se:cdpVersion: 122.0.6261.128, setWindowRect: true, strictFileInteractability: false, timeouts: {implicit: 0, pageLoad: 300000, script: 30000}, unhandledPromptBehavior: dismiss and notify, webauthn:extension:credBlob: true, webauthn:extension:largeBlob: true, webauthn:extension:minPinLength: true, webauthn:extension:prf: true, webauthn:virtualAuthenticators: true}
Session ID: d5c6861d3d7586ea77f490e329f34005
at org.openqa.selenium.remote.codec.w3c.W3CHttpResponseCodec.createException(W3CHttpResponseCodec.java:185)
at org.openqa.selenium.remote.codec.w3c.W3CHttpResponseCodec.decode(W3CHttpResponseCodec.java:134)
at org.openqa.selenium.remote.codec.w3c.W3CHttpResponseCodec.decode(W3CHttpResponseCodec.java:51)
at org.openqa.selenium.remote.HttpCommandExecutor.execute(HttpCommandExecutor.java:190)
at org.openqa.selenium.remote.service.DriverCommandExecutor.invokeExecute(DriverCommandExecutor.java:216)
at org.openqa.selenium.remote.service.DriverCommandExecutor.execute(DriverCommandExecutor.java:174)
at org.openqa.selenium.remote.RemoteWebDriver.execute(RemoteWebDriver.java:519)
at org.openqa.selenium.remote.ElementLocation$ElementFinder$2.findElement(ElementLocation.java:165)
at org.openqa.selenium.remote.ElementLocation.findElement(ElementLocation.java:59)
at org.openqa.selenium.remote.RemoteWebDriver.findElement(RemoteWebDriver.java:356)
at org.openqa.selenium.remote.RemoteWebDriver.findElement(RemoteWebDriver.java:350)
at org.openqa.selenium.support.pagefactory.DefaultElementLocator.findElement(DefaultElementLocator.java:68)
at org.openqa.selenium.support.pagefactory.internal.LocatingElementHandler.invoke(LocatingElementHandler.java:38)
at jdk.proxy2/jdk.proxy2.$Proxy14.isDisplayed(Unknown Source)
at com.softwaretestingboard.magento.Pages.SignUpPage.signUp(SignUpPage.java:73)
at com.softwaretestingboard.magento.Test.SignUpTest.SignUp(SignUpTest.java:18)
at java.base/java.util.ArrayList.forEach(ArrayList.java:1511)
at java.base/java.util.concurrent.FutureTask.run(FutureTask.java:264)
at java.base/java.util.concurrent.ThreadPoolExecutor.runWorker(ThreadPoolExecutor.java:1136)
at java.base/java.util.concurrent.ThreadPoolExecutor$Worker.run(ThreadPoolExecutor.java:635)
at java.base/java.lang.Thread.run(Thread.java:833)
... Removed 23 stack frames]]>
    </failure>
  </testcase> <!-- SignUp -->
  <testcase classname="com.softwaretestingboard.magento.Test.SignUpTest" name="signUpWithRegEmail" time="3.79"/>
</testsuite> <!-- TestFirefox -->
