<!DOCTYPE html PUBLIC "-//W3C//DTD XHTML 1.1//EN" "https://www.w3.org/TR/xhtml11/DTD/xhtml11.dtd">
<html xmlns="https://www.w3.org/1999/xhtml">
<head>
<meta http-equiv="content-type" content="text/html; charset=UTF-8"/>
<title>TestNG Report</title>
<style type="text/css">table {margin-bottom:10px;border-collapse:collapse;empty-cells:show}th,td {border:1px solid #009;padding:.25em .5em}th {vertical-align:bottom}td {vertical-align:top}table a {font-weight:bold}.stripe td {background-color: #E6EBF9}.num {text-align:right}.passedodd td {background-color: #3F3}.passedeven td {background-color: #0A0}.skippedodd td {background-color: #DDD}.skippedeven td {background-color: #CCC}.failedodd td,.attn {background-color: #F33}.failedeven td,.stripe .attn {background-color: #D00}.stacktrace {white-space:pre;font-family:monospace}.totop {font-size:85%;text-align:center;border-bottom:2px solid #000}.invisible {display:none}</style>
</head>
<body>
<table>
<tr><th>Test</th><th># Passed</th><th># Skipped</th><th># Retried</th><th># Failed</th><th>Time (ms)</th><th>Included Groups</th><th>Excluded Groups</th></tr>
<tr><th colspan="8">ParallelSuite</th></tr>
<tr><td><a href="#t0">TestFirefox</a></td><td class="num">23</td><td class="num">0</td><td class="num">0</td><td class="num attn">2</td><td class="num">271,344</td><td></td><td></td></tr>
</table>
<table id='summary'><thead><tr><th>Class</th><th>Method</th><th>Start</th><th>Time (ms)</th></tr></thead><tbody><tr><th colspan="4">ParallelSuite</th></tr></tbody><tbody id="t0"><tr><th colspan="4">TestFirefox &#8212; failed</th></tr><tr class="failedeven"><td rowspan="1">com.softwaretestingboard.magento.Test.CartTest</td><td><a href="#m0">VerifyEditBtnInCart</a></td><td rowspan="1">1710504127945</td><td rowspan="1">31416</td></tr><tr class="failedodd"><td rowspan="1">com.softwaretestingboard.magento.Test.SignUpTest</td><td><a href="#m1">SignUp</a></td><td rowspan="1">1710504363020</td><td rowspan="1">23630</td></tr><tr><th colspan="4">TestFirefox &#8212; passed</th></tr><tr class="passedeven"><td rowspan="1">com.softwaretestingboard.magento.Test.CartTest</td><td><a href="#m2">VerifyRemoveProdFromCart</a></td><td rowspan="1">1710504163278</td><td rowspan="1">9052</td></tr><tr class="passedodd"><td rowspan="1">com.softwaretestingboard.magento.Test.CheckOutTest</td><td><a href="#m3">VerifyLoginWhileCheckOutPeod</a></td><td rowspan="1">1710504175547</td><td rowspan="1">20812</td></tr><tr class="passedeven"><td rowspan="4">com.softwaretestingboard.magento.Test.HomePageTest</td><td><a href="#m4">VerifyBlankSearch</a></td><td rowspan="1">1710504200295</td><td rowspan="1">151</td></tr><tr class="passedeven"><td><a href="#m5">VerifyHotSeller</a></td><td rowspan="1">1710504203623</td><td rowspan="1">42</td></tr><tr class="passedeven"><td><a href="#m6">VerifyRelatedSearchItems</a></td><td rowspan="1">1710504206414</td><td rowspan="1">889</td></tr><tr class="passedeven"><td><a href="#m7">VerifySearchProduct</a></td><td rowspan="1">1710504210079</td><td rowspan="1">1990</td></tr><tr class="passedodd"><td rowspan="1">com.softwaretestingboard.magento.Test.LogOutTest</td><td><a href="#m8">LogOut</a></td><td rowspan="1">1710504215638</td><td rowspan="1">6293</td></tr><tr class="passedeven"><td rowspan="7">com.softwaretestingboard.magento.Test.ProductDetailsTest</td><td><a href="#m9">AddToCartProdFromProdDetailsPage</a></td><td rowspan="1">1710504224795</td><td rowspan="1">7498</td></tr><tr class="passedeven"><td><a href="#m10">VerifyAddToWishlistWithLogin</a></td><td rowspan="1">1710504235327</td><td rowspan="1">9721</td></tr><tr class="passedeven"><td><a href="#m11">VerifyAddToWishlistWithoutLogin</a></td><td rowspan="1">1710504248688</td><td rowspan="1">5285</td></tr><tr class="passedeven"><td><a href="#m12">VerifyAddreviewtoProduct</a></td><td rowspan="1">1710504257298</td><td rowspan="1">6522</td></tr><tr class="passedeven"><td><a href="#m13">VerifyAddtoCartProdWithoutSelectingSize</a></td><td rowspan="1">1710504266645</td><td rowspan="1">4383</td></tr><tr class="passedeven"><td><a href="#m14">VerifyProductDetails</a></td><td rowspan="1">1710504274610</td><td rowspan="1">3603</td></tr><tr class="passedeven"><td><a href="#m15">VerifyRemoveProdFromWishList</a></td><td rowspan="1">1710504281231</td><td rowspan="1">14802</td></tr><tr class="passedodd"><td rowspan="4">com.softwaretestingboard.magento.Test.Products</td><td><a href="#m16">AddMultipleProdTOCart</a></td><td rowspan="1">1710504299325</td><td rowspan="1">9932</td></tr><tr class="passedodd"><td><a href="#m17">AddProductToCartFromWomenDD</a></td><td rowspan="1">1710504312163</td><td rowspan="1">7028</td></tr><tr class="passedodd"><td><a href="#m18">VerifyPriceOption</a></td><td rowspan="1">1710504322815</td><td rowspan="1">3611</td></tr><tr class="passedodd"><td><a href="#m19">VerifyShowPerPage</a></td><td rowspan="1">1710504330017</td><td rowspan="1">4894</td></tr><tr class="passedeven"><td rowspan="4">com.softwaretestingboard.magento.Test.SignInTest</td><td><a href="#m20">CreateNewAccOnSignInPage</a></td><td rowspan="1">1710504338389</td><td rowspan="1">2622</td></tr><tr class="passedeven"><td><a href="#m21">ForgotpassBtn</a></td><td rowspan="1">1710504344454</td><td rowspan="1">1845</td></tr><tr class="passedeven"><td><a href="#m22">SignInValidCred</a></td><td rowspan="1">1710504348952</td><td rowspan="1">4394</td></tr><tr class="passedeven"><td><a href="#m23">SignInWithInvalidCred</a></td><td rowspan="1">1710504356824</td><td rowspan="1">3506</td></tr><tr class="passedodd"><td rowspan="1">com.softwaretestingboard.magento.Test.SignUpTest</td><td><a href="#m24">signUpWithRegEmail</a></td><td rowspan="1">1710504389948</td><td rowspan="1">3790</td></tr></tbody>
</table>
<h2>TestFirefox</h2><h3 id="m0">com.softwaretestingboard.magento.Test.CartTest#VerifyEditBtnInCart</h3><table class="result"><tr><th>Exception</th></tr><tr><td><div class="stacktrace">org.openqa.selenium.NoSuchElementException: no such element: Unable to locate element: {&quot;method&quot;:&quot;xpath&quot;,&quot;selector&quot;:&quot;//table[@id=&quot;shopping-cart-table&quot;]/tbody[1]/tr/td[3]/div/div/label/input&quot;}
  (Session info: chrome=122.0.6261.128)
For documentation on this error, please visit: https://www.selenium.dev/documentation/webdriver/troubleshooting/errors#no-such-element-exception
Build info: version: &apos;4.17.0&apos;, revision: &apos;e52b1be057*&apos;
System info: os.name: &apos;Windows 11&apos;, os.arch: &apos;amd64&apos;, os.version: &apos;10.0&apos;, java.version: &apos;17.0.8.1&apos;
Driver info: org.openqa.selenium.chrome.ChromeDriver
Command: [0f34a75df4aa18902c0df44bb2e7c393, findElement {using=xpath, value=//table[@id=&quot;shopping-cart-table&quot;]/tbody[1]/tr/td[3]/div/div/label/input}]
Capabilities {acceptInsecureCerts: false, browserName: chrome, browserVersion: 122.0.6261.128, chrome: {chromedriverVersion: 122.0.6261.128 (f18a44fedeb..., userDataDir: C:\Users\prati\AppData\Loca...}, fedcm:accounts: true, goog:chromeOptions: {debuggerAddress: localhost:58521}, networkConnectionEnabled: false, pageLoadStrategy: normal, platformName: windows, proxy: Proxy(), se:cdp: ws://localhost:58521/devtoo..., se:cdpVersion: 122.0.6261.128, setWindowRect: true, strictFileInteractability: false, timeouts: {implicit: 0, pageLoad: 300000, script: 30000}, unhandledPromptBehavior: dismiss and notify, webauthn:extension:credBlob: true, webauthn:extension:largeBlob: true, webauthn:extension:minPinLength: true, webauthn:extension:prf: true, webauthn:virtualAuthenticators: true}
Session ID: 0f34a75df4aa18902c0df44bb2e7c393
	at org.openqa.selenium.remote.codec.w3c.W3CHttpResponseCodec.createException(W3CHttpResponseCodec.java:185)
	at org.openqa.selenium.remote.codec.w3c.W3CHttpResponseCodec.decode(W3CHttpResponseCodec.java:134)
	at org.openqa.selenium.remote.codec.w3c.W3CHttpResponseCodec.decode(W3CHttpResponseCodec.java:51)
	at org.openqa.selenium.remote.HttpCommandExecutor.execute(HttpCommandExecutor.java:190)
	at org.openqa.selenium.remote.service.DriverCommandExecutor.invokeExecute(DriverCommandExecutor.java:216)
	at org.openqa.selenium.remote.service.DriverCommandExecutor.execute(DriverCommandExecutor.java:174)
	at org.openqa.selenium.remote.RemoteWebDriver.execute(RemoteWebDriver.java:519)
	at org.openqa.selenium.remote.ElementLocation$ElementFinder$2.findElement(ElementLocation.java:165)
	at org.openqa.selenium.remote.ElementLocation.findElement(ElementLocation.java:59)
	at org.openqa.selenium.remote.RemoteWebDriver.findElement(RemoteWebDriver.java:356)
	at org.openqa.selenium.remote.RemoteWebDriver.findElement(RemoteWebDriver.java:350)
	at org.openqa.selenium.support.pagefactory.DefaultElementLocator.findElement(DefaultElementLocator.java:68)
	at org.openqa.selenium.support.pagefactory.internal.LocatingElementHandler.invoke(LocatingElementHandler.java:38)
	at jdk.proxy2/jdk.proxy2.$Proxy14.getAttribute(Unknown Source)
	at com.softwaretestingboard.magento.Pages.CartPage.EditAddedProductinCart(CartPage.java:67)
	at com.softwaretestingboard.magento.Test.CartTest.VerifyEditBtnInCart(CartTest.java:17)
	at java.base/java.util.ArrayList.forEach(ArrayList.java:1511)
	at java.base/java.util.concurrent.FutureTask.run(FutureTask.java:264)
	at java.base/java.util.concurrent.ThreadPoolExecutor.runWorker(ThreadPoolExecutor.java:1136)
	at java.base/java.util.concurrent.ThreadPoolExecutor$Worker.run(ThreadPoolExecutor.java:635)
	at java.base/java.lang.Thread.run(Thread.java:833)
... Removed 23 stack frames</div></td></tr></table><p class="totop"><a href="#summary">back to summary</a></p>
<h3 id="m1">com.softwaretestingboard.magento.Test.SignUpTest#SignUp</h3><table class="result"><tr><th>Exception</th></tr><tr><td><div class="stacktrace">org.openqa.selenium.NoSuchElementException: no such element: Unable to locate element: {&quot;method&quot;:&quot;xpath&quot;,&quot;selector&quot;:&quot;//*[text() = &apos;Thank you for registering with Main Website Store.&apos;]&quot;}
  (Session info: chrome=122.0.6261.128)
For documentation on this error, please visit: https://www.selenium.dev/documentation/webdriver/troubleshooting/errors#no-such-element-exception
Build info: version: &apos;4.17.0&apos;, revision: &apos;e52b1be057*&apos;
System info: os.name: &apos;Windows 11&apos;, os.arch: &apos;amd64&apos;, os.version: &apos;10.0&apos;, java.version: &apos;17.0.8.1&apos;
Driver info: org.openqa.selenium.chrome.ChromeDriver
Command: [d5c6861d3d7586ea77f490e329f34005, findElement {using=xpath, value=//*[text() = &apos;Thank you for registering with Main Website Store.&apos;]}]
Capabilities {acceptInsecureCerts: false, browserName: chrome, browserVersion: 122.0.6261.128, chrome: {chromedriverVersion: 122.0.6261.128 (f18a44fedeb..., userDataDir: C:\Users\prati\AppData\Loca...}, fedcm:accounts: true, goog:chromeOptions: {debuggerAddress: localhost:59972}, networkConnectionEnabled: false, pageLoadStrategy: normal, platformName: windows, proxy: Proxy(), se:cdp: ws://localhost:59972/devtoo..., se:cdpVersion: 122.0.6261.128, setWindowRect: true, strictFileInteractability: false, timeouts: {implicit: 0, pageLoad: 300000, script: 30000}, unhandledPromptBehavior: dismiss and notify, webauthn:extension:credBlob: true, webauthn:extension:largeBlob: true, webauthn:extension:minPinLength: true, webauthn:extension:prf: true, webauthn:virtualAuthenticators: true}
Session ID: d5c6861d3d7586ea77f490e329f34005
	at org.openqa.selenium.remote.codec.w3c.W3CHttpResponseCodec.createException(W3CHttpResponseCodec.java:185)
	at org.openqa.selenium.remote.codec.w3c.W3CHttpResponseCodec.decode(W3CHttpResponseCodec.java:134)
	at org.openqa.selenium.remote.codec.w3c.W3CHttpResponseCodec.decode(W3CHttpResponseCodec.java:51)
	at org.openqa.selenium.remote.HttpCommandExecutor.execute(HttpCommandExecutor.java:190)
	at org.openqa.selenium.remote.service.DriverCommandExecutor.invokeExecute(DriverCommandExecutor.java:216)
	at org.openqa.selenium.remote.service.DriverCommandExecutor.execute(DriverCommandExecutor.java:174)
	at org.openqa.selenium.remote.RemoteWebDriver.execute(RemoteWebDriver.java:519)
	at org.openqa.selenium.remote.ElementLocation$ElementFinder$2.findElement(ElementLocation.java:165)
	at org.openqa.selenium.remote.ElementLocation.findElement(ElementLocation.java:59)
	at org.openqa.selenium.remote.RemoteWebDriver.findElement(RemoteWebDriver.java:356)
	at org.openqa.selenium.remote.RemoteWebDriver.findElement(RemoteWebDriver.java:350)
	at org.openqa.selenium.support.pagefactory.DefaultElementLocator.findElement(DefaultElementLocator.java:68)
	at org.openqa.selenium.support.pagefactory.internal.LocatingElementHandler.invoke(LocatingElementHandler.java:38)
	at jdk.proxy2/jdk.proxy2.$Proxy14.isDisplayed(Unknown Source)
	at com.softwaretestingboard.magento.Pages.SignUpPage.signUp(SignUpPage.java:73)
	at com.softwaretestingboard.magento.Test.SignUpTest.SignUp(SignUpTest.java:18)
	at java.base/java.util.ArrayList.forEach(ArrayList.java:1511)
	at java.base/java.util.concurrent.FutureTask.run(FutureTask.java:264)
	at java.base/java.util.concurrent.ThreadPoolExecutor.runWorker(ThreadPoolExecutor.java:1136)
	at java.base/java.util.concurrent.ThreadPoolExecutor$Worker.run(ThreadPoolExecutor.java:635)
	at java.base/java.lang.Thread.run(Thread.java:833)
... Removed 23 stack frames</div></td></tr></table><p class="totop"><a href="#summary">back to summary</a></p>
<h3 id="m2">com.softwaretestingboard.magento.Test.CartTest#VerifyRemoveProdFromCart</h3><table class="result"><tr><th class="invisible"/></tr></table><p class="totop"><a href="#summary">back to summary</a></p>
<h3 id="m3">com.softwaretestingboard.magento.Test.CheckOutTest#VerifyLoginWhileCheckOutPeod</h3><table class="result"><tr><th class="invisible"/></tr></table><p class="totop"><a href="#summary">back to summary</a></p>
<h3 id="m4">com.softwaretestingboard.magento.Test.HomePageTest#VerifyBlankSearch</h3><table class="result"><tr><th class="invisible"/></tr></table><p class="totop"><a href="#summary">back to summary</a></p>
<h3 id="m5">com.softwaretestingboard.magento.Test.HomePageTest#VerifyHotSeller</h3><table class="result"><tr><th class="invisible"/></tr></table><p class="totop"><a href="#summary">back to summary</a></p>
<h3 id="m6">com.softwaretestingboard.magento.Test.HomePageTest#VerifyRelatedSearchItems</h3><table class="result"><tr><th class="invisible"/></tr></table><p class="totop"><a href="#summary">back to summary</a></p>
<h3 id="m7">com.softwaretestingboard.magento.Test.HomePageTest#VerifySearchProduct</h3><table class="result"><tr><th class="invisible"/></tr></table><p class="totop"><a href="#summary">back to summary</a></p>
<h3 id="m8">com.softwaretestingboard.magento.Test.LogOutTest#LogOut</h3><table class="result"><tr><th class="invisible"/></tr></table><p class="totop"><a href="#summary">back to summary</a></p>
<h3 id="m9">com.softwaretestingboard.magento.Test.ProductDetailsTest#AddToCartProdFromProdDetailsPage</h3><table class="result"><tr><th class="invisible"/></tr></table><p class="totop"><a href="#summary">back to summary</a></p>
<h3 id="m10">com.softwaretestingboard.magento.Test.ProductDetailsTest#VerifyAddToWishlistWithLogin</h3><table class="result"><tr><th class="invisible"/></tr></table><p class="totop"><a href="#summary">back to summary</a></p>
<h3 id="m11">com.softwaretestingboard.magento.Test.ProductDetailsTest#VerifyAddToWishlistWithoutLogin</h3><table class="result"><tr><th class="invisible"/></tr></table><p class="totop"><a href="#summary">back to summary</a></p>
<h3 id="m12">com.softwaretestingboard.magento.Test.ProductDetailsTest#VerifyAddreviewtoProduct</h3><table class="result"><tr><th class="invisible"/></tr></table><p class="totop"><a href="#summary">back to summary</a></p>
<h3 id="m13">com.softwaretestingboard.magento.Test.ProductDetailsTest#VerifyAddtoCartProdWithoutSelectingSize</h3><table class="result"><tr><th class="invisible"/></tr></table><p class="totop"><a href="#summary">back to summary</a></p>
<h3 id="m14">com.softwaretestingboard.magento.Test.ProductDetailsTest#VerifyProductDetails</h3><table class="result"><tr><th class="invisible"/></tr></table><p class="totop"><a href="#summary">back to summary</a></p>
<h3 id="m15">com.softwaretestingboard.magento.Test.ProductDetailsTest#VerifyRemoveProdFromWishList</h3><table class="result"><tr><th class="invisible"/></tr></table><p class="totop"><a href="#summary">back to summary</a></p>
<h3 id="m16">com.softwaretestingboard.magento.Test.Products#AddMultipleProdTOCart</h3><table class="result"><tr><th class="invisible"/></tr></table><p class="totop"><a href="#summary">back to summary</a></p>
<h3 id="m17">com.softwaretestingboard.magento.Test.Products#AddProductToCartFromWomenDD</h3><table class="result"><tr><th class="invisible"/></tr></table><p class="totop"><a href="#summary">back to summary</a></p>
<h3 id="m18">com.softwaretestingboard.magento.Test.Products#VerifyPriceOption</h3><table class="result"><tr><th class="invisible"/></tr></table><p class="totop"><a href="#summary">back to summary</a></p>
<h3 id="m19">com.softwaretestingboard.magento.Test.Products#VerifyShowPerPage</h3><table class="result"><tr><th class="invisible"/></tr></table><p class="totop"><a href="#summary">back to summary</a></p>
<h3 id="m20">com.softwaretestingboard.magento.Test.SignInTest#CreateNewAccOnSignInPage</h3><table class="result"><tr><th class="invisible"/></tr></table><p class="totop"><a href="#summary">back to summary</a></p>
<h3 id="m21">com.softwaretestingboard.magento.Test.SignInTest#ForgotpassBtn</h3><table class="result"><tr><th class="invisible"/></tr></table><p class="totop"><a href="#summary">back to summary</a></p>
<h3 id="m22">com.softwaretestingboard.magento.Test.SignInTest#SignInValidCred</h3><table class="result"><tr><th class="invisible"/></tr></table><p class="totop"><a href="#summary">back to summary</a></p>
<h3 id="m23">com.softwaretestingboard.magento.Test.SignInTest#SignInWithInvalidCred</h3><table class="result"><tr><th class="invisible"/></tr></table><p class="totop"><a href="#summary">back to summary</a></p>
<h3 id="m24">com.softwaretestingboard.magento.Test.SignUpTest#signUpWithRegEmail</h3><table class="result"><tr><th class="invisible"/></tr></table><p class="totop"><a href="#summary">back to summary</a></p>
</body>
</html>
