<?xml version="1.0" encoding="UTF-8"?>
<testng-results ignored="0" total="25" passed="23" failed="2" skipped="0">
  <reporter-output>
  </reporter-output>
  <suite started-at="2024-03-15T17:32:02 IST" name="ParallelSuite" finished-at="2024-03-15T17:36:33 IST" duration-ms="271344">
    <groups>
    </groups>
    <test started-at="2024-03-15T17:32:02 IST" name="TestFirefox" finished-at="2024-03-15T17:36:33 IST" duration-ms="271344">
      <class name="com.softwaretestingboard.magento.Test.CartTest">
        <test-method is-config="true" signature="setUp()[pri:0, instance:com.softwaretestingboard.magento.Test.CartTest@415b0b49]" started-at="2024-03-15T17:32:02 IST" name="setUp" finished-at="2024-03-15T17:32:07 IST" duration-ms="5390" status="PASS">
          <reporter-output>
          </reporter-output>
        </test-method> <!-- setUp -->
        <test-method signature="VerifyEditBtnInCart()[pri:0, instance:com.softwaretestingboard.magento.Test.CartTest@415b0b49]" started-at="2024-03-15T17:32:07 IST" name="VerifyEditBtnInCart" finished-at="2024-03-15T17:32:39 IST" duration-ms="31416" status="FAIL">
          <exception class="org.openqa.selenium.NoSuchElementException">
            <message>
              <![CDATA[no such element: Unable to locate element: {"method":"xpath","selector":"//table[@id="shopping-cart-table"]/tbody[1]/tr/td[3]/div/div/label/input"}
  (Session info: chrome=122.0.6261.128)
For documentation on this error, please visit: https://www.selenium.dev/documentation/webdriver/troubleshooting/errors#no-such-element-exception
Build info: version: '4.17.0', revision: 'e52b1be057*'
System info: os.name: 'Windows 11', os.arch: 'amd64', os.version: '10.0', java.version: '17.0.8.1'
Driver info: org.openqa.selenium.chrome.ChromeDriver
Command: [0f34a75df4aa18902c0df44bb2e7c393, findElement {using=xpath, value=//table[@id="shopping-cart-table"]/tbody[1]/tr/td[3]/div/div/label/input}]
Capabilities {acceptInsecureCerts: false, browserName: chrome, browserVersion: 122.0.6261.128, chrome: {chromedriverVersion: 122.0.6261.128 (f18a44fedeb..., userDataDir: C:\Users\prati\AppData\Loca...}, fedcm:accounts: true, goog:chromeOptions: {debuggerAddress: localhost:58521}, networkConnectionEnabled: false, pageLoadStrategy: normal, platformName: windows, proxy: Proxy(), se:cdp: ws://localhost:58521/devtoo..., se:cdpVersion: 122.0.6261.128, setWindowRect: true, strictFileInteractability: false, timeouts: {implicit: 0, pageLoad: 300000, script: 30000}, unhandledPromptBehavior: dismiss and notify, webauthn:extension:credBlob: true, webauthn:extension:largeBlob: true, webauthn:extension:minPinLength: true, webauthn:extension:prf: true, webauthn:virtualAuthenticators: true}
Session ID: 0f34a75df4aa18902c0df44bb2e7c393]]>
            </message>
            <full-stacktrace>
              <![CDATA[org.openqa.selenium.NoSuchElementException: no such element: Unable to locate element: {"method":"xpath","selector":"//table[@id="shopping-cart-table"]/tbody[1]/tr/td[3]/div/div/label/input"}
  (Session info: chrome=122.0.6261.128)
For documentation on this error, please visit: https://www.selenium.dev/documentation/webdriver/troubleshooting/errors#no-such-element-exception
Build info: version: '4.17.0', revision: 'e52b1be057*'
System info: os.name: 'Windows 11', os.arch: 'amd64', os.version: '10.0', java.version: '17.0.8.1'
Driver info: org.openqa.selenium.chrome.ChromeDriver
Command: [0f34a75df4aa18902c0df44bb2e7c393, findElement {using=xpath, value=//table[@id="shopping-cart-table"]/tbody[1]/tr/td[3]/div/div/label/input}]
Capabilities {acceptInsecureCerts: false, browserName: chrome, browserVersion: 122.0.6261.128, chrome: {chromedriverVersion: 122.0.6261.128 (f18a44fedeb..., userDataDir: C:\Users\prati\AppData\Loca...}, fedcm:accounts: true, goog:chromeOptions: {debuggerAddress: localhost:58521}, networkConnectionEnabled: false, pageLoadStrategy: normal, platformName: windows, proxy: Proxy(), se:cdp: ws://localhost:58521/devtoo..., se:cdpVersion: 122.0.6261.128, setWindowRect: true, strictFileInteractability: false, timeouts: {implicit: 0, pageLoad: 300000, script: 30000}, unhandledPromptBehavior: dismiss and notify, webauthn:extension:credBlob: true, webauthn:extension:largeBlob: true, webauthn:extension:minPinLength: true, webauthn:extension:prf: true, webauthn:virtualAuthenticators: true}
Session ID: 0f34a75df4aa18902c0df44bb2e7c393
at java.base/jdk.internal.reflect.NativeConstructorAccessorImpl.newInstance0(Native Method)
at java.base/jdk.internal.reflect.NativeConstructorAccessorImpl.newInstance(NativeConstructorAccessorImpl.java:77)
at java.base/jdk.internal.reflect.DelegatingConstructorAccessorImpl.newInstance(DelegatingConstructorAccessorImpl.java:45)
at java.base/java.lang.reflect.Constructor.newInstanceWithCaller(Constructor.java:499)
at java.base/java.lang.reflect.Constructor.newInstance(Constructor.java:480)
at org.openqa.selenium.remote.codec.w3c.W3CHttpResponseCodec.createException(W3CHttpResponseCodec.java:185)
at org.openqa.selenium.remote.codec.w3c.W3CHttpResponseCodec.decode(W3CHttpResponseCodec.java:134)
at org.openqa.selenium.remote.codec.w3c.W3CHttpResponseCodec.decode(W3CHttpResponseCodec.java:51)
at org.openqa.selenium.remote.HttpCommandExecutor.execute(HttpCommandExecutor.java:190)
at org.openqa.selenium.remote.service.DriverCommandExecutor.invokeExecute(DriverCommandExecutor.java:216)
at org.openqa.selenium.remote.service.DriverCommandExecutor.execute(DriverCommandExecutor.java:174)
at org.openqa.selenium.remote.RemoteWebDriver.execute(RemoteWebDriver.java:519)
at org.openqa.selenium.remote.ElementLocation$ElementFinder$2.findElement(ElementLocation.java:165)
at org.openqa.selenium.remote.ElementLocation.findElement(ElementLocation.java:59)
at org.openqa.selenium.remote.RemoteWebDriver.findElement(RemoteWebDriver.java:356)
at org.openqa.selenium.remote.RemoteWebDriver.findElement(RemoteWebDriver.java:350)
at org.openqa.selenium.support.pagefactory.DefaultElementLocator.findElement(DefaultElementLocator.java:68)
at org.openqa.selenium.support.pagefactory.internal.LocatingElementHandler.invoke(LocatingElementHandler.java:38)
at jdk.proxy2/jdk.proxy2.$Proxy14.getAttribute(Unknown Source)
at com.softwaretestingboard.magento.Pages.CartPage.EditAddedProductinCart(CartPage.java:67)
at com.softwaretestingboard.magento.Test.CartTest.VerifyEditBtnInCart(CartTest.java:17)
at java.base/jdk.internal.reflect.NativeMethodAccessorImpl.invoke0(Native Method)
at java.base/jdk.internal.reflect.NativeMethodAccessorImpl.invoke(NativeMethodAccessorImpl.java:77)
at java.base/jdk.internal.reflect.DelegatingMethodAccessorImpl.invoke(DelegatingMethodAccessorImpl.java:43)
at java.base/java.lang.reflect.Method.invoke(Method.java:568)
at org.testng.internal.MethodInvocationHelper.invokeMethod(MethodInvocationHelper.java:133)
at org.testng.internal.TestInvoker.invokeMethod(TestInvoker.java:598)
at org.testng.internal.TestInvoker.invokeTestMethod(TestInvoker.java:173)
at org.testng.internal.MethodRunner.runInSequence(MethodRunner.java:46)
at org.testng.internal.TestInvoker$MethodInvocationAgent.invoke(TestInvoker.java:824)
at org.testng.internal.TestInvoker.invokeTestMethods(TestInvoker.java:146)
at org.testng.internal.TestMethodWorker.invokeTestMethods(TestMethodWorker.java:146)
at org.testng.internal.TestMethodWorker.run(TestMethodWorker.java:128)
at java.base/java.util.ArrayList.forEach(ArrayList.java:1511)
at org.testng.TestRunner.privateRun(TestRunner.java:794)
at org.testng.TestRunner.run(TestRunner.java:596)
at org.testng.SuiteRunner.runTest(SuiteRunner.java:377)
at org.testng.SuiteRunner.access$000(SuiteRunner.java:28)
at org.testng.SuiteRunner$SuiteWorker.run(SuiteRunner.java:418)
at org.testng.internal.thread.ThreadUtil.lambda$execute$0(ThreadUtil.java:64)
at java.base/java.util.concurrent.FutureTask.run(FutureTask.java:264)
at java.base/java.util.concurrent.ThreadPoolExecutor.runWorker(ThreadPoolExecutor.java:1136)
at java.base/java.util.concurrent.ThreadPoolExecutor$Worker.run(ThreadPoolExecutor.java:635)
at java.base/java.lang.Thread.run(Thread.java:833)
]]>
            </full-stacktrace>
          </exception> <!-- org.openqa.selenium.NoSuchElementException -->
          <reporter-output>
          </reporter-output>
        </test-method> <!-- VerifyEditBtnInCart -->
        <test-method is-config="true" signature="tearDown()[pri:0, instance:com.softwaretestingboard.magento.Test.CartTest@415b0b49]" started-at="2024-03-15T17:32:39 IST" name="tearDown" finished-at="2024-03-15T17:32:39 IST" duration-ms="474" status="PASS">
          <reporter-output>
          </reporter-output>
        </test-method> <!-- tearDown -->
        <test-method is-config="true" signature="setUp()[pri:0, instance:com.softwaretestingboard.magento.Test.CartTest@415b0b49]" started-at="2024-03-15T17:32:39 IST" name="setUp" finished-at="2024-03-15T17:32:43 IST" duration-ms="3442" status="PASS">
          <reporter-output>
          </reporter-output>
        </test-method> <!-- setUp -->
        <test-method signature="VerifyRemoveProdFromCart()[pri:0, instance:com.softwaretestingboard.magento.Test.CartTest@415b0b49]" started-at="2024-03-15T17:32:43 IST" name="VerifyRemoveProdFromCart" finished-at="2024-03-15T17:32:52 IST" duration-ms="9052" status="PASS">
          <reporter-output>
          </reporter-output>
        </test-method> <!-- VerifyRemoveProdFromCart -->
        <test-method is-config="true" signature="tearDown()[pri:0, instance:com.softwaretestingboard.magento.Test.CartTest@415b0b49]" started-at="2024-03-15T17:32:52 IST" name="tearDown" finished-at="2024-03-15T17:32:52 IST" duration-ms="193" status="PASS">
          <reporter-output>
          </reporter-output>
        </test-method> <!-- tearDown -->
      </class> <!-- com.softwaretestingboard.magento.Test.CartTest -->
      <class name="com.softwaretestingboard.magento.Test.SignInTest">
        <test-method is-config="true" signature="setUp()[pri:0, instance:com.softwaretestingboard.magento.Test.SignInTest@16612a51]" started-at="2024-03-15T17:35:35 IST" name="setUp" finished-at="2024-03-15T17:35:38 IST" duration-ms="3336" status="PASS">
          <reporter-output>
          </reporter-output>
        </test-method> <!-- setUp -->
        <test-method signature="CreateNewAccOnSignInPage()[pri:0, instance:com.softwaretestingboard.magento.Test.SignInTest@16612a51]" started-at="2024-03-15T17:35:38 IST" name="CreateNewAccOnSignInPage" finished-at="2024-03-15T17:35:41 IST" duration-ms="2622" status="PASS">
          <reporter-output>
          </reporter-output>
        </test-method> <!-- CreateNewAccOnSignInPage -->
        <test-method is-config="true" signature="tearDown()[pri:0, instance:com.softwaretestingboard.magento.Test.SignInTest@16612a51]" started-at="2024-03-15T17:35:41 IST" name="tearDown" finished-at="2024-03-15T17:35:41 IST" duration-ms="123" status="PASS">
          <reporter-output>
          </reporter-output>
        </test-method> <!-- tearDown -->
        <test-method is-config="true" signature="setUp()[pri:0, instance:com.softwaretestingboard.magento.Test.SignInTest@16612a51]" started-at="2024-03-15T17:35:41 IST" name="setUp" finished-at="2024-03-15T17:35:44 IST" duration-ms="3318" status="PASS">
          <reporter-output>
          </reporter-output>
        </test-method> <!-- setUp -->
        <test-method signature="ForgotpassBtn()[pri:0, instance:com.softwaretestingboard.magento.Test.SignInTest@16612a51]" started-at="2024-03-15T17:35:44 IST" name="ForgotpassBtn" finished-at="2024-03-15T17:35:46 IST" duration-ms="1845" status="PASS">
          <reporter-output>
          </reporter-output>
        </test-method> <!-- ForgotpassBtn -->
        <test-method is-config="true" signature="tearDown()[pri:0, instance:com.softwaretestingboard.magento.Test.SignInTest@16612a51]" started-at="2024-03-15T17:35:46 IST" name="tearDown" finished-at="2024-03-15T17:35:46 IST" duration-ms="116" status="PASS">
          <reporter-output>
          </reporter-output>
        </test-method> <!-- tearDown -->
        <test-method is-config="true" signature="setUp()[pri:0, instance:com.softwaretestingboard.magento.Test.SignInTest@16612a51]" started-at="2024-03-15T17:35:46 IST" name="setUp" finished-at="2024-03-15T17:35:48 IST" duration-ms="2535" status="PASS">
          <reporter-output>
          </reporter-output>
        </test-method> <!-- setUp -->
        <test-method signature="SignInValidCred()[pri:0, instance:com.softwaretestingboard.magento.Test.SignInTest@16612a51]" started-at="2024-03-15T17:35:48 IST" name="SignInValidCred" finished-at="2024-03-15T17:35:53 IST" duration-ms="4394" status="PASS">
          <reporter-output>
          </reporter-output>
        </test-method> <!-- SignInValidCred -->
        <test-method is-config="true" signature="tearDown()[pri:0, instance:com.softwaretestingboard.magento.Test.SignInTest@16612a51]" started-at="2024-03-15T17:35:53 IST" name="tearDown" finished-at="2024-03-15T17:35:53 IST" duration-ms="131" status="PASS">
          <reporter-output>
          </reporter-output>
        </test-method> <!-- tearDown -->
        <test-method is-config="true" signature="setUp()[pri:0, instance:com.softwaretestingboard.magento.Test.SignInTest@16612a51]" started-at="2024-03-15T17:35:53 IST" name="setUp" finished-at="2024-03-15T17:35:56 IST" duration-ms="3346" status="PASS">
          <reporter-output>
          </reporter-output>
        </test-method> <!-- setUp -->
        <test-method signature="SignInWithInvalidCred()[pri:0, instance:com.softwaretestingboard.magento.Test.SignInTest@16612a51]" started-at="2024-03-15T17:35:56 IST" name="SignInWithInvalidCred" finished-at="2024-03-15T17:36:00 IST" duration-ms="3506" status="PASS">
          <reporter-output>
          </reporter-output>
        </test-method> <!-- SignInWithInvalidCred -->
        <test-method is-config="true" signature="tearDown()[pri:0, instance:com.softwaretestingboard.magento.Test.SignInTest@16612a51]" started-at="2024-03-15T17:36:00 IST" name="tearDown" finished-at="2024-03-15T17:36:00 IST" duration-ms="147" status="PASS">
          <reporter-output>
          </reporter-output>
        </test-method> <!-- tearDown -->
      </class> <!-- com.softwaretestingboard.magento.Test.SignInTest -->
      <class name="com.softwaretestingboard.magento.Test.HomePageTest">
        <test-method is-config="true" signature="setUp()[pri:0, instance:com.softwaretestingboard.magento.Test.HomePageTest@a8ef162]" started-at="2024-03-15T17:33:16 IST" name="setUp" finished-at="2024-03-15T17:33:20 IST" duration-ms="3548" status="PASS">
          <reporter-output>
          </reporter-output>
        </test-method> <!-- setUp -->
        <test-method signature="VerifyBlankSearch()[pri:0, instance:com.softwaretestingboard.magento.Test.HomePageTest@a8ef162]" started-at="2024-03-15T17:33:20 IST" name="VerifyBlankSearch" finished-at="2024-03-15T17:33:20 IST" duration-ms="151" status="PASS">
          <reporter-output>
          </reporter-output>
        </test-method> <!-- VerifyBlankSearch -->
        <test-method is-config="true" signature="tearDown()[pri:0, instance:com.softwaretestingboard.magento.Test.HomePageTest@a8ef162]" started-at="2024-03-15T17:33:20 IST" name="tearDown" finished-at="2024-03-15T17:33:20 IST" duration-ms="107" status="PASS">
          <reporter-output>
          </reporter-output>
        </test-method> <!-- tearDown -->
        <test-method is-config="true" signature="setUp()[pri:0, instance:com.softwaretestingboard.magento.Test.HomePageTest@a8ef162]" started-at="2024-03-15T17:33:20 IST" name="setUp" finished-at="2024-03-15T17:33:23 IST" duration-ms="3070" status="PASS">
          <reporter-output>
          </reporter-output>
        </test-method> <!-- setUp -->
        <test-method signature="VerifyHotSeller()[pri:0, instance:com.softwaretestingboard.magento.Test.HomePageTest@a8ef162]" started-at="2024-03-15T17:33:23 IST" name="VerifyHotSeller" finished-at="2024-03-15T17:33:23 IST" duration-ms="42" status="PASS">
          <reporter-output>
          </reporter-output>
        </test-method> <!-- VerifyHotSeller -->
        <test-method is-config="true" signature="tearDown()[pri:0, instance:com.softwaretestingboard.magento.Test.HomePageTest@a8ef162]" started-at="2024-03-15T17:33:23 IST" name="tearDown" finished-at="2024-03-15T17:33:23 IST" duration-ms="121" status="PASS">
          <reporter-output>
          </reporter-output>
        </test-method> <!-- tearDown -->
        <test-method is-config="true" signature="setUp()[pri:0, instance:com.softwaretestingboard.magento.Test.HomePageTest@a8ef162]" started-at="2024-03-15T17:33:23 IST" name="setUp" finished-at="2024-03-15T17:33:26 IST" duration-ms="2626" status="PASS">
          <reporter-output>
          </reporter-output>
        </test-method> <!-- setUp -->
        <test-method signature="VerifyRelatedSearchItems()[pri:0, instance:com.softwaretestingboard.magento.Test.HomePageTest@a8ef162]" started-at="2024-03-15T17:33:26 IST" name="VerifyRelatedSearchItems" finished-at="2024-03-15T17:33:27 IST" duration-ms="889" status="PASS">
          <reporter-output>
          </reporter-output>
        </test-method> <!-- VerifyRelatedSearchItems -->
        <test-method is-config="true" signature="tearDown()[pri:0, instance:com.softwaretestingboard.magento.Test.HomePageTest@a8ef162]" started-at="2024-03-15T17:33:27 IST" name="tearDown" finished-at="2024-03-15T17:33:27 IST" duration-ms="128" status="PASS">
          <reporter-output>
          </reporter-output>
        </test-method> <!-- tearDown -->
        <test-method is-config="true" signature="setUp()[pri:0, instance:com.softwaretestingboard.magento.Test.HomePageTest@a8ef162]" started-at="2024-03-15T17:33:27 IST" name="setUp" finished-at="2024-03-15T17:33:30 IST" duration-ms="2646" status="PASS">
          <reporter-output>
          </reporter-output>
        </test-method> <!-- setUp -->
        <test-method signature="VerifySearchProduct()[pri:0, instance:com.softwaretestingboard.magento.Test.HomePageTest@a8ef162]" started-at="2024-03-15T17:33:30 IST" name="VerifySearchProduct" finished-at="2024-03-15T17:33:32 IST" duration-ms="1990" status="PASS">
          <reporter-output>
          </reporter-output>
        </test-method> <!-- VerifySearchProduct -->
        <test-method is-config="true" signature="tearDown()[pri:0, instance:com.softwaretestingboard.magento.Test.HomePageTest@a8ef162]" started-at="2024-03-15T17:33:32 IST" name="tearDown" finished-at="2024-03-15T17:33:32 IST" duration-ms="141" status="PASS">
          <reporter-output>
          </reporter-output>
        </test-method> <!-- tearDown -->
      </class> <!-- com.softwaretestingboard.magento.Test.HomePageTest -->
      <class name="com.softwaretestingboard.magento.Test.CheckOutTest">
        <test-method is-config="true" signature="setUp()[pri:0, instance:com.softwaretestingboard.magento.Test.CheckOutTest@41488b16]" started-at="2024-03-15T17:32:52 IST" name="setUp" finished-at="2024-03-15T17:32:55 IST" duration-ms="3023" status="PASS">
          <reporter-output>
          </reporter-output>
        </test-method> <!-- setUp -->
        <test-method signature="VerifyLoginWhileCheckOutPeod()[pri:0, instance:com.softwaretestingboard.magento.Test.CheckOutTest@41488b16]" started-at="2024-03-15T17:32:55 IST" name="VerifyLoginWhileCheckOutPeod" finished-at="2024-03-15T17:33:16 IST" duration-ms="20812" status="PASS">
          <reporter-output>
          </reporter-output>
        </test-method> <!-- VerifyLoginWhileCheckOutPeod -->
        <test-method is-config="true" signature="tearDown()[pri:0, instance:com.softwaretestingboard.magento.Test.CheckOutTest@41488b16]" started-at="2024-03-15T17:33:16 IST" name="tearDown" finished-at="2024-03-15T17:33:16 IST" duration-ms="387" status="PASS">
          <reporter-output>
          </reporter-output>
        </test-method> <!-- tearDown -->
      </class> <!-- com.softwaretestingboard.magento.Test.CheckOutTest -->
      <class name="com.softwaretestingboard.magento.Test.ProductDetailsTest">
        <test-method is-config="true" signature="setUp()[pri:0, instance:com.softwaretestingboard.magento.Test.ProductDetailsTest@22f59fa]" started-at="2024-03-15T17:33:42 IST" name="setUp" finished-at="2024-03-15T17:33:44 IST" duration-ms="2737" status="PASS">
          <reporter-output>
          </reporter-output>
        </test-method> <!-- setUp -->
        <test-method signature="AddToCartProdFromProdDetailsPage()[pri:0, instance:com.softwaretestingboard.magento.Test.ProductDetailsTest@22f59fa]" started-at="2024-03-15T17:33:44 IST" name="AddToCartProdFromProdDetailsPage" finished-at="2024-03-15T17:33:52 IST" duration-ms="7498" status="PASS">
          <reporter-output>
          </reporter-output>
        </test-method> <!-- AddToCartProdFromProdDetailsPage -->
        <test-method is-config="true" signature="tearDown()[pri:0, instance:com.softwaretestingboard.magento.Test.ProductDetailsTest@22f59fa]" started-at="2024-03-15T17:33:52 IST" name="tearDown" finished-at="2024-03-15T17:33:52 IST" duration-ms="203" status="PASS">
          <reporter-output>
          </reporter-output>
        </test-method> <!-- tearDown -->
        <test-method is-config="true" signature="setUp()[pri:0, instance:com.softwaretestingboard.magento.Test.ProductDetailsTest@22f59fa]" started-at="2024-03-15T17:33:52 IST" name="setUp" finished-at="2024-03-15T17:33:55 IST" duration-ms="2831" status="PASS">
          <reporter-output>
          </reporter-output>
        </test-method> <!-- setUp -->
        <test-method signature="VerifyAddToWishlistWithLogin()[pri:0, instance:com.softwaretestingboard.magento.Test.ProductDetailsTest@22f59fa]" started-at="2024-03-15T17:33:55 IST" name="VerifyAddToWishlistWithLogin" finished-at="2024-03-15T17:34:05 IST" duration-ms="9721" status="PASS">
          <reporter-output>
          </reporter-output>
        </test-method> <!-- VerifyAddToWishlistWithLogin -->
        <test-method is-config="true" signature="tearDown()[pri:0, instance:com.softwaretestingboard.magento.Test.ProductDetailsTest@22f59fa]" started-at="2024-03-15T17:34:05 IST" name="tearDown" finished-at="2024-03-15T17:34:05 IST" duration-ms="185" status="PASS">
          <reporter-output>
          </reporter-output>
        </test-method> <!-- tearDown -->
        <test-method is-config="true" signature="setUp()[pri:0, instance:com.softwaretestingboard.magento.Test.ProductDetailsTest@22f59fa]" started-at="2024-03-15T17:34:05 IST" name="setUp" finished-at="2024-03-15T17:34:08 IST" duration-ms="3454" status="PASS">
          <reporter-output>
          </reporter-output>
        </test-method> <!-- setUp -->
        <test-method signature="VerifyAddToWishlistWithoutLogin()[pri:0, instance:com.softwaretestingboard.magento.Test.ProductDetailsTest@22f59fa]" started-at="2024-03-15T17:34:08 IST" name="VerifyAddToWishlistWithoutLogin" finished-at="2024-03-15T17:34:13 IST" duration-ms="5285" status="PASS">
          <reporter-output>
          </reporter-output>
        </test-method> <!-- VerifyAddToWishlistWithoutLogin -->
        <test-method is-config="true" signature="tearDown()[pri:0, instance:com.softwaretestingboard.magento.Test.ProductDetailsTest@22f59fa]" started-at="2024-03-15T17:34:13 IST" name="tearDown" finished-at="2024-03-15T17:34:14 IST" duration-ms="151" status="PASS">
          <reporter-output>
          </reporter-output>
        </test-method> <!-- tearDown -->
        <test-method is-config="true" signature="setUp()[pri:0, instance:com.softwaretestingboard.magento.Test.ProductDetailsTest@22f59fa]" started-at="2024-03-15T17:34:14 IST" name="setUp" finished-at="2024-03-15T17:34:17 IST" duration-ms="3172" status="PASS">
          <reporter-output>
          </reporter-output>
        </test-method> <!-- setUp -->
        <test-method signature="VerifyAddreviewtoProduct()[pri:0, instance:com.softwaretestingboard.magento.Test.ProductDetailsTest@22f59fa]" started-at="2024-03-15T17:34:17 IST" name="VerifyAddreviewtoProduct" finished-at="2024-03-15T17:34:23 IST" duration-ms="6522" status="PASS">
          <reporter-output>
          </reporter-output>
        </test-method> <!-- VerifyAddreviewtoProduct -->
        <test-method is-config="true" signature="tearDown()[pri:0, instance:com.softwaretestingboard.magento.Test.ProductDetailsTest@22f59fa]" started-at="2024-03-15T17:34:23 IST" name="tearDown" finished-at="2024-03-15T17:34:23 IST" duration-ms="130" status="PASS">
          <reporter-output>
          </reporter-output>
        </test-method> <!-- tearDown -->
        <test-method is-config="true" signature="setUp()[pri:0, instance:com.softwaretestingboard.magento.Test.ProductDetailsTest@22f59fa]" started-at="2024-03-15T17:34:23 IST" name="setUp" finished-at="2024-03-15T17:34:26 IST" duration-ms="2694" status="PASS">
          <reporter-output>
          </reporter-output>
        </test-method> <!-- setUp -->
        <test-method signature="VerifyAddtoCartProdWithoutSelectingSize()[pri:0, instance:com.softwaretestingboard.magento.Test.ProductDetailsTest@22f59fa]" started-at="2024-03-15T17:34:26 IST" name="VerifyAddtoCartProdWithoutSelectingSize" finished-at="2024-03-15T17:34:31 IST" duration-ms="4383" status="PASS">
          <reporter-output>
          </reporter-output>
        </test-method> <!-- VerifyAddtoCartProdWithoutSelectingSize -->
        <test-method is-config="true" signature="tearDown()[pri:0, instance:com.softwaretestingboard.magento.Test.ProductDetailsTest@22f59fa]" started-at="2024-03-15T17:34:31 IST" name="tearDown" finished-at="2024-03-15T17:34:31 IST" duration-ms="134" status="PASS">
          <reporter-output>
          </reporter-output>
        </test-method> <!-- tearDown -->
        <test-method is-config="true" signature="setUp()[pri:0, instance:com.softwaretestingboard.magento.Test.ProductDetailsTest@22f59fa]" started-at="2024-03-15T17:34:31 IST" name="setUp" finished-at="2024-03-15T17:34:34 IST" duration-ms="3448" status="PASS">
          <reporter-output>
          </reporter-output>
        </test-method> <!-- setUp -->
        <test-method signature="VerifyProductDetails()[pri:0, instance:com.softwaretestingboard.magento.Test.ProductDetailsTest@22f59fa]" started-at="2024-03-15T17:34:34 IST" name="VerifyProductDetails" finished-at="2024-03-15T17:34:38 IST" duration-ms="3603" status="PASS">
          <reporter-output>
          </reporter-output>
        </test-method> <!-- VerifyProductDetails -->
        <test-method is-config="true" signature="tearDown()[pri:0, instance:com.softwaretestingboard.magento.Test.ProductDetailsTest@22f59fa]" started-at="2024-03-15T17:34:38 IST" name="tearDown" finished-at="2024-03-15T17:34:38 IST" duration-ms="116" status="PASS">
          <reporter-output>
          </reporter-output>
        </test-method> <!-- tearDown -->
        <test-method is-config="true" signature="setUp()[pri:0, instance:com.softwaretestingboard.magento.Test.ProductDetailsTest@22f59fa]" started-at="2024-03-15T17:34:38 IST" name="setUp" finished-at="2024-03-15T17:34:41 IST" duration-ms="2902" status="PASS">
          <reporter-output>
          </reporter-output>
        </test-method> <!-- setUp -->
        <test-method signature="VerifyRemoveProdFromWishList()[pri:0, instance:com.softwaretestingboard.magento.Test.ProductDetailsTest@22f59fa]" started-at="2024-03-15T17:34:41 IST" name="VerifyRemoveProdFromWishList" finished-at="2024-03-15T17:34:56 IST" duration-ms="14802" status="PASS">
          <reporter-output>
          </reporter-output>
        </test-method> <!-- VerifyRemoveProdFromWishList -->
        <test-method is-config="true" signature="tearDown()[pri:0, instance:com.softwaretestingboard.magento.Test.ProductDetailsTest@22f59fa]" started-at="2024-03-15T17:34:56 IST" name="tearDown" finished-at="2024-03-15T17:34:56 IST" duration-ms="248" status="PASS">
          <reporter-output>
          </reporter-output>
        </test-method> <!-- tearDown -->
      </class> <!-- com.softwaretestingboard.magento.Test.ProductDetailsTest -->
      <class name="com.softwaretestingboard.magento.Test.SignUpTest">
        <test-method is-config="true" signature="setUp()[pri:0, instance:com.softwaretestingboard.magento.Test.SignUpTest@54e041a4]" started-at="2024-03-15T17:36:00 IST" name="setUp" finished-at="2024-03-15T17:36:03 IST" duration-ms="2540" status="PASS">
          <reporter-output>
          </reporter-output>
        </test-method> <!-- setUp -->
        <test-method signature="SignUp()[pri:0, instance:com.softwaretestingboard.magento.Test.SignUpTest@54e041a4]" started-at="2024-03-15T17:36:03 IST" name="SignUp" finished-at="2024-03-15T17:36:26 IST" duration-ms="23630" status="FAIL">
          <exception class="org.openqa.selenium.NoSuchElementException">
            <message>
              <![CDATA[no such element: Unable to locate element: {"method":"xpath","selector":"//*[text() = 'Thank you for registering with Main Website Store.']"}
  (Session info: chrome=122.0.6261.128)
For documentation on this error, please visit: https://www.selenium.dev/documentation/webdriver/troubleshooting/errors#no-such-element-exception
Build info: version: '4.17.0', revision: 'e52b1be057*'
System info: os.name: 'Windows 11', os.arch: 'amd64', os.version: '10.0', java.version: '17.0.8.1'
Driver info: org.openqa.selenium.chrome.ChromeDriver
Command: [d5c6861d3d7586ea77f490e329f34005, findElement {using=xpath, value=//*[text() = 'Thank you for registering with Main Website Store.']}]
Capabilities {acceptInsecureCerts: false, browserName: chrome, browserVersion: 122.0.6261.128, chrome: {chromedriverVersion: 122.0.6261.128 (f18a44fedeb..., userDataDir: C:\Users\prati\AppData\Loca...}, fedcm:accounts: true, goog:chromeOptions: {debuggerAddress: localhost:59972}, networkConnectionEnabled: false, pageLoadStrategy: normal, platformName: windows, proxy: Proxy(), se:cdp: ws://localhost:59972/devtoo..., se:cdpVersion: 122.0.6261.128, setWindowRect: true, strictFileInteractability: false, timeouts: {implicit: 0, pageLoad: 300000, script: 30000}, unhandledPromptBehavior: dismiss and notify, webauthn:extension:credBlob: true, webauthn:extension:largeBlob: true, webauthn:extension:minPinLength: true, webauthn:extension:prf: true, webauthn:virtualAuthenticators: true}
Session ID: d5c6861d3d7586ea77f490e329f34005]]>
            </message>
            <full-stacktrace>
              <![CDATA[org.openqa.selenium.NoSuchElementException: no such element: Unable to locate element: {"method":"xpath","selector":"//*[text() = 'Thank you for registering with Main Website Store.']"}
  (Session info: chrome=122.0.6261.128)
For documentation on this error, please visit: https://www.selenium.dev/documentation/webdriver/troubleshooting/errors#no-such-element-exception
Build info: version: '4.17.0', revision: 'e52b1be057*'
System info: os.name: 'Windows 11', os.arch: 'amd64', os.version: '10.0', java.version: '17.0.8.1'
Driver info: org.openqa.selenium.chrome.ChromeDriver
Command: [d5c6861d3d7586ea77f490e329f34005, findElement {using=xpath, value=//*[text() = 'Thank you for registering with Main Website Store.']}]
Capabilities {acceptInsecureCerts: false, browserName: chrome, browserVersion: 122.0.6261.128, chrome: {chromedriverVersion: 122.0.6261.128 (f18a44fedeb..., userDataDir: C:\Users\prati\AppData\Loca...}, fedcm:accounts: true, goog:chromeOptions: {debuggerAddress: localhost:59972}, networkConnectionEnabled: false, pageLoadStrategy: normal, platformName: windows, proxy: Proxy(), se:cdp: ws://localhost:59972/devtoo..., se:cdpVersion: 122.0.6261.128, setWindowRect: true, strictFileInteractability: false, timeouts: {implicit: 0, pageLoad: 300000, script: 30000}, unhandledPromptBehavior: dismiss and notify, webauthn:extension:credBlob: true, webauthn:extension:largeBlob: true, webauthn:extension:minPinLength: true, webauthn:extension:prf: true, webauthn:virtualAuthenticators: true}
Session ID: d5c6861d3d7586ea77f490e329f34005
at java.base/jdk.internal.reflect.NativeConstructorAccessorImpl.newInstance0(Native Method)
at java.base/jdk.internal.reflect.NativeConstructorAccessorImpl.newInstance(NativeConstructorAccessorImpl.java:77)
at java.base/jdk.internal.reflect.DelegatingConstructorAccessorImpl.newInstance(DelegatingConstructorAccessorImpl.java:45)
at java.base/java.lang.reflect.Constructor.newInstanceWithCaller(Constructor.java:499)
at java.base/java.lang.reflect.Constructor.newInstance(Constructor.java:480)
at org.openqa.selenium.remote.codec.w3c.W3CHttpResponseCodec.createException(W3CHttpResponseCodec.java:185)
at org.openqa.selenium.remote.codec.w3c.W3CHttpResponseCodec.decode(W3CHttpResponseCodec.java:134)
at org.openqa.selenium.remote.codec.w3c.W3CHttpResponseCodec.decode(W3CHttpResponseCodec.java:51)
at org.openqa.selenium.remote.HttpCommandExecutor.execute(HttpCommandExecutor.java:190)
at org.openqa.selenium.remote.service.DriverCommandExecutor.invokeExecute(DriverCommandExecutor.java:216)
at org.openqa.selenium.remote.service.DriverCommandExecutor.execute(DriverCommandExecutor.java:174)
at org.openqa.selenium.remote.RemoteWebDriver.execute(RemoteWebDriver.java:519)
at org.openqa.selenium.remote.ElementLocation$ElementFinder$2.findElement(ElementLocation.java:165)
at org.openqa.selenium.remote.ElementLocation.findElement(ElementLocation.java:59)
at org.openqa.selenium.remote.RemoteWebDriver.findElement(RemoteWebDriver.java:356)
at org.openqa.selenium.remote.RemoteWebDriver.findElement(RemoteWebDriver.java:350)
at org.openqa.selenium.support.pagefactory.DefaultElementLocator.findElement(DefaultElementLocator.java:68)
at org.openqa.selenium.support.pagefactory.internal.LocatingElementHandler.invoke(LocatingElementHandler.java:38)
at jdk.proxy2/jdk.proxy2.$Proxy14.isDisplayed(Unknown Source)
at com.softwaretestingboard.magento.Pages.SignUpPage.signUp(SignUpPage.java:73)
at com.softwaretestingboard.magento.Test.SignUpTest.SignUp(SignUpTest.java:18)
at java.base/jdk.internal.reflect.NativeMethodAccessorImpl.invoke0(Native Method)
at java.base/jdk.internal.reflect.NativeMethodAccessorImpl.invoke(NativeMethodAccessorImpl.java:77)
at java.base/jdk.internal.reflect.DelegatingMethodAccessorImpl.invoke(DelegatingMethodAccessorImpl.java:43)
at java.base/java.lang.reflect.Method.invoke(Method.java:568)
at org.testng.internal.MethodInvocationHelper.invokeMethod(MethodInvocationHelper.java:133)
at org.testng.internal.TestInvoker.invokeMethod(TestInvoker.java:598)
at org.testng.internal.TestInvoker.invokeTestMethod(TestInvoker.java:173)
at org.testng.internal.MethodRunner.runInSequence(MethodRunner.java:46)
at org.testng.internal.TestInvoker$MethodInvocationAgent.invoke(TestInvoker.java:824)
at org.testng.internal.TestInvoker.invokeTestMethods(TestInvoker.java:146)
at org.testng.internal.TestMethodWorker.invokeTestMethods(TestMethodWorker.java:146)
at org.testng.internal.TestMethodWorker.run(TestMethodWorker.java:128)
at java.base/java.util.ArrayList.forEach(ArrayList.java:1511)
at org.testng.TestRunner.privateRun(TestRunner.java:794)
at org.testng.TestRunner.run(TestRunner.java:596)
at org.testng.SuiteRunner.runTest(SuiteRunner.java:377)
at org.testng.SuiteRunner.access$000(SuiteRunner.java:28)
at org.testng.SuiteRunner$SuiteWorker.run(SuiteRunner.java:418)
at org.testng.internal.thread.ThreadUtil.lambda$execute$0(ThreadUtil.java:64)
at java.base/java.util.concurrent.FutureTask.run(FutureTask.java:264)
at java.base/java.util.concurrent.ThreadPoolExecutor.runWorker(ThreadPoolExecutor.java:1136)
at java.base/java.util.concurrent.ThreadPoolExecutor$Worker.run(ThreadPoolExecutor.java:635)
at java.base/java.lang.Thread.run(Thread.java:833)
]]>
            </full-stacktrace>
          </exception> <!-- org.openqa.selenium.NoSuchElementException -->
          <reporter-output>
          </reporter-output>
        </test-method> <!-- SignUp -->
        <test-method is-config="true" signature="tearDown()[pri:0, instance:com.softwaretestingboard.magento.Test.SignUpTest@54e041a4]" started-at="2024-03-15T17:36:26 IST" name="tearDown" finished-at="2024-03-15T17:36:26 IST" duration-ms="253" status="PASS">
          <reporter-output>
          </reporter-output>
        </test-method> <!-- tearDown -->
        <test-method is-config="true" signature="setUp()[pri:0, instance:com.softwaretestingboard.magento.Test.SignUpTest@54e041a4]" started-at="2024-03-15T17:36:26 IST" name="setUp" finished-at="2024-03-15T17:36:29 IST" duration-ms="3013" status="PASS">
          <reporter-output>
          </reporter-output>
        </test-method> <!-- setUp -->
        <test-method signature="signUpWithRegEmail()[pri:0, instance:com.softwaretestingboard.magento.Test.SignUpTest@54e041a4]" started-at="2024-03-15T17:36:29 IST" name="signUpWithRegEmail" finished-at="2024-03-15T17:36:33 IST" duration-ms="3790" status="PASS">
          <reporter-output>
          </reporter-output>
        </test-method> <!-- signUpWithRegEmail -->
        <test-method is-config="true" signature="tearDown()[pri:0, instance:com.softwaretestingboard.magento.Test.SignUpTest@54e041a4]" started-at="2024-03-15T17:36:33 IST" name="tearDown" finished-at="2024-03-15T17:36:33 IST" duration-ms="136" status="PASS">
          <reporter-output>
          </reporter-output>
        </test-method> <!-- tearDown -->
      </class> <!-- com.softwaretestingboard.magento.Test.SignUpTest -->
      <class name="com.softwaretestingboard.magento.Test.LogOutTest">
        <test-method is-config="true" signature="setUp()[pri:0, instance:com.softwaretestingboard.magento.Test.LogOutTest@7fd7a283]" started-at="2024-03-15T17:33:32 IST" name="setUp" finished-at="2024-03-15T17:33:35 IST" duration-ms="3426" status="PASS">
          <reporter-output>
          </reporter-output>
        </test-method> <!-- setUp -->
        <test-method signature="LogOut()[pri:0, instance:com.softwaretestingboard.magento.Test.LogOutTest@7fd7a283]" started-at="2024-03-15T17:33:35 IST" name="LogOut" finished-at="2024-03-15T17:33:41 IST" duration-ms="6293" status="PASS">
          <reporter-output>
          </reporter-output>
        </test-method> <!-- LogOut -->
        <test-method is-config="true" signature="tearDown()[pri:0, instance:com.softwaretestingboard.magento.Test.LogOutTest@7fd7a283]" started-at="2024-03-15T17:33:41 IST" name="tearDown" finished-at="2024-03-15T17:33:42 IST" duration-ms="127" status="PASS">
          <reporter-output>
          </reporter-output>
        </test-method> <!-- tearDown -->
      </class> <!-- com.softwaretestingboard.magento.Test.LogOutTest -->
      <class name="com.softwaretestingboard.magento.Test.Products">
        <test-method is-config="true" signature="setUp()[pri:0, instance:com.softwaretestingboard.magento.Test.Products@78fa769e]" started-at="2024-03-15T17:34:56 IST" name="setUp" finished-at="2024-03-15T17:34:59 IST" duration-ms="3044" status="PASS">
          <reporter-output>
          </reporter-output>
        </test-method> <!-- setUp -->
        <test-method signature="AddMultipleProdTOCart()[pri:0, instance:com.softwaretestingboard.magento.Test.Products@78fa769e]" started-at="2024-03-15T17:34:59 IST" name="AddMultipleProdTOCart" finished-at="2024-03-15T17:35:09 IST" duration-ms="9932" status="PASS">
          <reporter-output>
          </reporter-output>
        </test-method> <!-- AddMultipleProdTOCart -->
        <test-method is-config="true" signature="tearDown()[pri:0, instance:com.softwaretestingboard.magento.Test.Products@78fa769e]" started-at="2024-03-15T17:35:09 IST" name="tearDown" finished-at="2024-03-15T17:35:09 IST" duration-ms="206" status="PASS">
          <reporter-output>
          </reporter-output>
        </test-method> <!-- tearDown -->
        <test-method is-config="true" signature="setUp()[pri:0, instance:com.softwaretestingboard.magento.Test.Products@78fa769e]" started-at="2024-03-15T17:35:09 IST" name="setUp" finished-at="2024-03-15T17:35:12 IST" duration-ms="2700" status="PASS">
          <reporter-output>
          </reporter-output>
        </test-method> <!-- setUp -->
        <test-method signature="AddProductToCartFromWomenDD()[pri:0, instance:com.softwaretestingboard.magento.Test.Products@78fa769e]" started-at="2024-03-15T17:35:12 IST" name="AddProductToCartFromWomenDD" finished-at="2024-03-15T17:35:19 IST" duration-ms="7028" status="PASS">
          <reporter-output>
          </reporter-output>
        </test-method> <!-- AddProductToCartFromWomenDD -->
        <test-method is-config="true" signature="tearDown()[pri:0, instance:com.softwaretestingboard.magento.Test.Products@78fa769e]" started-at="2024-03-15T17:35:19 IST" name="tearDown" finished-at="2024-03-15T17:35:19 IST" duration-ms="148" status="PASS">
          <reporter-output>
          </reporter-output>
        </test-method> <!-- tearDown -->
        <test-method is-config="true" signature="setUp()[pri:0, instance:com.softwaretestingboard.magento.Test.Products@78fa769e]" started-at="2024-03-15T17:35:19 IST" name="setUp" finished-at="2024-03-15T17:35:22 IST" duration-ms="3474" status="PASS">
          <reporter-output>
          </reporter-output>
        </test-method> <!-- setUp -->
        <test-method signature="VerifyPriceOption()[pri:0, instance:com.softwaretestingboard.magento.Test.Products@78fa769e]" started-at="2024-03-15T17:35:22 IST" name="VerifyPriceOption" finished-at="2024-03-15T17:35:26 IST" duration-ms="3611" status="PASS">
          <reporter-output>
          </reporter-output>
        </test-method> <!-- VerifyPriceOption -->
        <test-method is-config="true" signature="tearDown()[pri:0, instance:com.softwaretestingboard.magento.Test.Products@78fa769e]" started-at="2024-03-15T17:35:26 IST" name="tearDown" finished-at="2024-03-15T17:35:26 IST" duration-ms="120" status="PASS">
          <reporter-output>
          </reporter-output>
        </test-method> <!-- tearDown -->
        <test-method is-config="true" signature="setUp()[pri:0, instance:com.softwaretestingboard.magento.Test.Products@78fa769e]" started-at="2024-03-15T17:35:26 IST" name="setUp" finished-at="2024-03-15T17:35:30 IST" duration-ms="3468" status="PASS">
          <reporter-output>
          </reporter-output>
        </test-method> <!-- setUp -->
        <test-method signature="VerifyShowPerPage()[pri:0, instance:com.softwaretestingboard.magento.Test.Products@78fa769e]" started-at="2024-03-15T17:35:30 IST" name="VerifyShowPerPage" finished-at="2024-03-15T17:35:34 IST" duration-ms="4894" status="PASS">
          <reporter-output>
          </reporter-output>
        </test-method> <!-- VerifyShowPerPage -->
        <test-method is-config="true" signature="tearDown()[pri:0, instance:com.softwaretestingboard.magento.Test.Products@78fa769e]" started-at="2024-03-15T17:35:34 IST" name="tearDown" finished-at="2024-03-15T17:35:35 IST" duration-ms="140" status="PASS">
          <reporter-output>
          </reporter-output>
        </test-method> <!-- tearDown -->
      </class> <!-- com.softwaretestingboard.magento.Test.Products -->
    </test> <!-- TestFirefox -->
  </suite> <!-- ParallelSuite -->
</testng-results>
